{
  "stats": {
    "suites": 4,
    "tests": 13,
    "passes": 13,
    "pending": 0,
    "failures": 0,
    "testsRegistered": 13,
    "passPercent": 100,
    "pendingPercent": 0,
    "other": 0,
    "hasOther": false,
    "skipped": 0,
    "hasSkipped": false,
    "start": "2025-11-08T15:23:51.421Z",
    "end": "2025-11-08T15:25:17.414Z",
    "duration": 85993
  },
  "results": [
    {
      "uuid": "2df3d6f1-8820-432d-be0e-10e5c74ce6b2",
      "title": "",
      "fullFile": "cypress/e2e/Terceros/1. RegistroTercero.cy.js",
      "file": "cypress/e2e/Terceros/1. RegistroTercero.cy.js",
      "beforeHooks": [],
      "afterHooks": [],
      "tests": [],
      "suites": [
        {
          "uuid": "bdc54cbf-f412-46dd-ad69-12b611099749",
          "title": "Terceros - Registro de nuevos terceros",
          "fullFile": "",
          "file": "",
          "beforeHooks": [],
          "afterHooks": [],
          "tests": [
            {
              "title": "Debe registrar un nuevo tercero: Pepito Perez",
              "fullTitle": "Terceros - Registro de nuevos terceros Debe registrar un nuevo tercero: Pepito Perez",
              "timedOut": null,
              "duration": 9884,
              "state": "passed",
              "speed": "medium",
              "pass": true,
              "fail": false,
              "pending": false,
              "context": null,
              "code": "// --- Ir al módulo de Terceros ---\ncy.visit(\"/terceros\");\ncy.url().should(\"include\", \"/terceros\");\n// --- Abrir modal para agregar un nuevo tercero ---\ncy.get('button[data-target=\"#modalAgregarTerceroPuro\"]').click();\ncy.get(\"#modalAgregarTerceroPuro\").should(\"be.visible\");\n// --- Completar formulario ---\ncy.get(\"#categoria\").select(tercero.categoria);\ncy.get(\"#tipo_persona\").select(tercero.tipoPersona);\ncy.get(\"#tipo_iden\").select(tercero.tipoIdentificacion);\ncy.get(\"#num_iden\").clear().type(tercero.numeroIdentificacion);\ncy.get(\"#nombre\").clear().type(tercero.nombre);\ncy.get(\"#correo\").clear().type(tercero.correo);\ncy.get(\"#num_contact\").clear().type(tercero.contacto);\ncy.get(\"#direccion\").clear().type(tercero.direccion);\ncy.get(\"#departamento\").select(tercero.departamento);\ncy.get(\"#ciudad\").select(tercero.ciudad);\n// --- Guardar el tercero ---\ncy.get('#modalAgregarTerceroPuro button[type=\"submit\"].btn.btn-primary').click();\n// --- Validar que el modal desaparezca ---\ncy.get(\"#modalAgregarTerceroPuro\").should(\"not.be.visible\");",
              "err": {},
              "uuid": "45519c89-4e8b-443c-8f9f-d32c9cca95ad",
              "parentUUID": "bdc54cbf-f412-46dd-ad69-12b611099749",
              "isHook": false,
              "skipped": false
            },
            {
              "title": "Debe registrar un nuevo tercero: Proveedor SAS",
              "fullTitle": "Terceros - Registro de nuevos terceros Debe registrar un nuevo tercero: Proveedor SAS",
              "timedOut": null,
              "duration": 4314,
              "state": "passed",
              "speed": "fast",
              "pass": true,
              "fail": false,
              "pending": false,
              "context": null,
              "code": "// --- Ir al módulo de Terceros ---\ncy.visit(\"/terceros\");\ncy.url().should(\"include\", \"/terceros\");\n// --- Abrir modal para agregar un nuevo tercero ---\ncy.get('button[data-target=\"#modalAgregarTerceroPuro\"]').click();\ncy.get(\"#modalAgregarTerceroPuro\").should(\"be.visible\");\n// --- Completar formulario ---\ncy.get(\"#categoria\").select(tercero.categoria);\ncy.get(\"#tipo_persona\").select(tercero.tipoPersona);\ncy.get(\"#tipo_iden\").select(tercero.tipoIdentificacion);\ncy.get(\"#num_iden\").clear().type(tercero.numeroIdentificacion);\ncy.get(\"#nombre\").clear().type(tercero.nombre);\ncy.get(\"#correo\").clear().type(tercero.correo);\ncy.get(\"#num_contact\").clear().type(tercero.contacto);\ncy.get(\"#direccion\").clear().type(tercero.direccion);\ncy.get(\"#departamento\").select(tercero.departamento);\ncy.get(\"#ciudad\").select(tercero.ciudad);\n// --- Guardar el tercero ---\ncy.get('#modalAgregarTerceroPuro button[type=\"submit\"].btn.btn-primary').click();\n// --- Validar que el modal desaparezca ---\ncy.get(\"#modalAgregarTerceroPuro\").should(\"not.be.visible\");",
              "err": {},
              "uuid": "866ace14-3792-4417-b580-3793d65e2abd",
              "parentUUID": "bdc54cbf-f412-46dd-ad69-12b611099749",
              "isHook": false,
              "skipped": false
            },
            {
              "title": "Debe registrar un nuevo tercero: Juan Pérez",
              "fullTitle": "Terceros - Registro de nuevos terceros Debe registrar un nuevo tercero: Juan Pérez",
              "timedOut": null,
              "duration": 4078,
              "state": "passed",
              "speed": "fast",
              "pass": true,
              "fail": false,
              "pending": false,
              "context": null,
              "code": "// --- Ir al módulo de Terceros ---\ncy.visit(\"/terceros\");\ncy.url().should(\"include\", \"/terceros\");\n// --- Abrir modal para agregar un nuevo tercero ---\ncy.get('button[data-target=\"#modalAgregarTerceroPuro\"]').click();\ncy.get(\"#modalAgregarTerceroPuro\").should(\"be.visible\");\n// --- Completar formulario ---\ncy.get(\"#categoria\").select(tercero.categoria);\ncy.get(\"#tipo_persona\").select(tercero.tipoPersona);\ncy.get(\"#tipo_iden\").select(tercero.tipoIdentificacion);\ncy.get(\"#num_iden\").clear().type(tercero.numeroIdentificacion);\ncy.get(\"#nombre\").clear().type(tercero.nombre);\ncy.get(\"#correo\").clear().type(tercero.correo);\ncy.get(\"#num_contact\").clear().type(tercero.contacto);\ncy.get(\"#direccion\").clear().type(tercero.direccion);\ncy.get(\"#departamento\").select(tercero.departamento);\ncy.get(\"#ciudad\").select(tercero.ciudad);\n// --- Guardar el tercero ---\ncy.get('#modalAgregarTerceroPuro button[type=\"submit\"].btn.btn-primary').click();\n// --- Validar que el modal desaparezca ---\ncy.get(\"#modalAgregarTerceroPuro\").should(\"not.be.visible\");",
              "err": {},
              "uuid": "1f694f52-71bd-44bc-97e3-eca8fece31af",
              "parentUUID": "bdc54cbf-f412-46dd-ad69-12b611099749",
              "isHook": false,
              "skipped": false
            },
            {
              "title": "Debe registrar un nuevo tercero: Organización XYZ",
              "fullTitle": "Terceros - Registro de nuevos terceros Debe registrar un nuevo tercero: Organización XYZ",
              "timedOut": null,
              "duration": 4223,
              "state": "passed",
              "speed": "fast",
              "pass": true,
              "fail": false,
              "pending": false,
              "context": null,
              "code": "// --- Ir al módulo de Terceros ---\ncy.visit(\"/terceros\");\ncy.url().should(\"include\", \"/terceros\");\n// --- Abrir modal para agregar un nuevo tercero ---\ncy.get('button[data-target=\"#modalAgregarTerceroPuro\"]').click();\ncy.get(\"#modalAgregarTerceroPuro\").should(\"be.visible\");\n// --- Completar formulario ---\ncy.get(\"#categoria\").select(tercero.categoria);\ncy.get(\"#tipo_persona\").select(tercero.tipoPersona);\ncy.get(\"#tipo_iden\").select(tercero.tipoIdentificacion);\ncy.get(\"#num_iden\").clear().type(tercero.numeroIdentificacion);\ncy.get(\"#nombre\").clear().type(tercero.nombre);\ncy.get(\"#correo\").clear().type(tercero.correo);\ncy.get(\"#num_contact\").clear().type(tercero.contacto);\ncy.get(\"#direccion\").clear().type(tercero.direccion);\ncy.get(\"#departamento\").select(tercero.departamento);\ncy.get(\"#ciudad\").select(tercero.ciudad);\n// --- Guardar el tercero ---\ncy.get('#modalAgregarTerceroPuro button[type=\"submit\"].btn.btn-primary').click();\n// --- Validar que el modal desaparezca ---\ncy.get(\"#modalAgregarTerceroPuro\").should(\"not.be.visible\");",
              "err": {},
              "uuid": "de489828-3fbb-40bb-92ed-71537f97c632",
              "parentUUID": "bdc54cbf-f412-46dd-ad69-12b611099749",
              "isHook": false,
              "skipped": false
            }
          ],
          "suites": [],
          "passes": [
            "45519c89-4e8b-443c-8f9f-d32c9cca95ad",
            "866ace14-3792-4417-b580-3793d65e2abd",
            "1f694f52-71bd-44bc-97e3-eca8fece31af",
            "de489828-3fbb-40bb-92ed-71537f97c632"
          ],
          "failures": [],
          "pending": [],
          "skipped": [],
          "duration": 22499,
          "root": false,
          "rootEmpty": false,
          "_timeout": 2000
        }
      ],
      "passes": [],
      "failures": [],
      "pending": [],
      "skipped": [],
      "duration": 0,
      "root": true,
      "rootEmpty": true,
      "_timeout": 2000
    },
    {
      "uuid": "1f6f04bf-c121-49f6-b51c-04ce299c3ad1",
      "title": "",
      "fullFile": "cypress/e2e/Terceros/2. editarTercero.cy.js",
      "file": "cypress/e2e/Terceros/2. editarTercero.cy.js",
      "beforeHooks": [],
      "afterHooks": [],
      "tests": [],
      "suites": [
        {
          "uuid": "0d48b4a7-0531-4f34-ad2b-396797421702",
          "title": "Terceros - Editar último tercero agregado",
          "fullFile": "",
          "file": "",
          "beforeHooks": [],
          "afterHooks": [],
          "tests": [
            {
              "title": "Debe editar el último clientes agregado",
              "fullTitle": "Terceros - Editar último tercero agregado Debe editar el último clientes agregado",
              "timedOut": null,
              "duration": 8694,
              "state": "passed",
              "speed": "medium",
              "pass": true,
              "fail": false,
              "pending": false,
              "context": null,
              "code": "cy.visit(\"/terceros\");\ncy.get(`#${tercero.categoria}-tab`).click();\ncy.get(`#${tercero.categoria}`).find('button[data-target^=\"#editarTerceroModal\"]').last().click();\ncy.get('div[id*=\"editarTerceroModal\"]:visible').within(() => {\n  cy.get('select[name=\"tipo_persona\"]').select(tercero.tipoPersona);\n  cy.get('select[name=\"tipo_iden\"]').select(tercero.tipoIdentificacion);\n  cy.get('input[name=\"num_iden\"]').clear().type(tercero.numeroIdentificacion);\n  cy.get('input[name=\"nombre\"]').clear().type(tercero.nombre);\n  cy.get('input[name=\"correo\"]').clear().type(tercero.correo);\n  cy.get('input[name=\"num_contact\"]').clear().type(tercero.contacto);\n  cy.get('input[name=\"direccion\"]').clear().type(tercero.direccion);\n  cy.get('select[name=\"departamento\"]').select(tercero.departamento);\n  cy.get('select[name=\"ciudad\"]').select(tercero.ciudad);\n  cy.get(\"div.modal-footer button.btn.btn-primary\").click();\n});\ncy.get('div[id*=\"editarTerceroModal\"]:visible').should(\"not.exist\");",
              "err": {},
              "uuid": "9058eb2f-084c-4060-b0a7-343c8bdd4d76",
              "parentUUID": "0d48b4a7-0531-4f34-ad2b-396797421702",
              "isHook": false,
              "skipped": false
            },
            {
              "title": "Debe editar el último proveedores agregado",
              "fullTitle": "Terceros - Editar último tercero agregado Debe editar el último proveedores agregado",
              "timedOut": null,
              "duration": 6876,
              "state": "passed",
              "speed": "medium",
              "pass": true,
              "fail": false,
              "pending": false,
              "context": null,
              "code": "cy.visit(\"/terceros\");\ncy.get(`#${tercero.categoria}-tab`).click();\ncy.get(`#${tercero.categoria}`).find('button[data-target^=\"#editarTerceroModal\"]').last().click();\ncy.get('div[id*=\"editarTerceroModal\"]:visible').within(() => {\n  cy.get('select[name=\"tipo_persona\"]').select(tercero.tipoPersona);\n  cy.get('select[name=\"tipo_iden\"]').select(tercero.tipoIdentificacion);\n  cy.get('input[name=\"num_iden\"]').clear().type(tercero.numeroIdentificacion);\n  cy.get('input[name=\"nombre\"]').clear().type(tercero.nombre);\n  cy.get('input[name=\"correo\"]').clear().type(tercero.correo);\n  cy.get('input[name=\"num_contact\"]').clear().type(tercero.contacto);\n  cy.get('input[name=\"direccion\"]').clear().type(tercero.direccion);\n  cy.get('select[name=\"departamento\"]').select(tercero.departamento);\n  cy.get('select[name=\"ciudad\"]').select(tercero.ciudad);\n  cy.get(\"div.modal-footer button.btn.btn-primary\").click();\n});\ncy.get('div[id*=\"editarTerceroModal\"]:visible').should(\"not.exist\");",
              "err": {},
              "uuid": "e2fefc06-588b-4e42-89d7-4ccb2eb59a64",
              "parentUUID": "0d48b4a7-0531-4f34-ad2b-396797421702",
              "isHook": false,
              "skipped": false
            },
            {
              "title": "Debe editar el último empleados agregado",
              "fullTitle": "Terceros - Editar último tercero agregado Debe editar el último empleados agregado",
              "timedOut": null,
              "duration": 6843,
              "state": "passed",
              "speed": "medium",
              "pass": true,
              "fail": false,
              "pending": false,
              "context": null,
              "code": "cy.visit(\"/terceros\");\ncy.get(`#${tercero.categoria}-tab`).click();\ncy.get(`#${tercero.categoria}`).find('button[data-target^=\"#editarTerceroModal\"]').last().click();\ncy.get('div[id*=\"editarTerceroModal\"]:visible').within(() => {\n  cy.get('select[name=\"tipo_persona\"]').select(tercero.tipoPersona);\n  cy.get('select[name=\"tipo_iden\"]').select(tercero.tipoIdentificacion);\n  cy.get('input[name=\"num_iden\"]').clear().type(tercero.numeroIdentificacion);\n  cy.get('input[name=\"nombre\"]').clear().type(tercero.nombre);\n  cy.get('input[name=\"correo\"]').clear().type(tercero.correo);\n  cy.get('input[name=\"num_contact\"]').clear().type(tercero.contacto);\n  cy.get('input[name=\"direccion\"]').clear().type(tercero.direccion);\n  cy.get('select[name=\"departamento\"]').select(tercero.departamento);\n  cy.get('select[name=\"ciudad\"]').select(tercero.ciudad);\n  cy.get(\"div.modal-footer button.btn.btn-primary\").click();\n});\ncy.get('div[id*=\"editarTerceroModal\"]:visible').should(\"not.exist\");",
              "err": {},
              "uuid": "ad5a714b-958b-44ba-9d80-db1a6179fabb",
              "parentUUID": "0d48b4a7-0531-4f34-ad2b-396797421702",
              "isHook": false,
              "skipped": false
            },
            {
              "title": "Debe editar el último otros agregado",
              "fullTitle": "Terceros - Editar último tercero agregado Debe editar el último otros agregado",
              "timedOut": null,
              "duration": 6189,
              "state": "passed",
              "speed": "medium",
              "pass": true,
              "fail": false,
              "pending": false,
              "context": null,
              "code": "cy.visit(\"/terceros\");\ncy.get(`#${tercero.categoria}-tab`).click();\ncy.get(`#${tercero.categoria}`).find('button[data-target^=\"#editarTerceroModal\"]').last().click();\ncy.get('div[id*=\"editarTerceroModal\"]:visible').within(() => {\n  cy.get('select[name=\"tipo_persona\"]').select(tercero.tipoPersona);\n  cy.get('select[name=\"tipo_iden\"]').select(tercero.tipoIdentificacion);\n  cy.get('input[name=\"num_iden\"]').clear().type(tercero.numeroIdentificacion);\n  cy.get('input[name=\"nombre\"]').clear().type(tercero.nombre);\n  cy.get('input[name=\"correo\"]').clear().type(tercero.correo);\n  cy.get('input[name=\"num_contact\"]').clear().type(tercero.contacto);\n  cy.get('input[name=\"direccion\"]').clear().type(tercero.direccion);\n  cy.get('select[name=\"departamento\"]').select(tercero.departamento);\n  cy.get('select[name=\"ciudad\"]').select(tercero.ciudad);\n  cy.get(\"div.modal-footer button.btn.btn-primary\").click();\n});\ncy.get('div[id*=\"editarTerceroModal\"]:visible').should(\"not.exist\");",
              "err": {},
              "uuid": "058f3f7c-2ab1-4fd7-b689-cb2e2026e24c",
              "parentUUID": "0d48b4a7-0531-4f34-ad2b-396797421702",
              "isHook": false,
              "skipped": false
            }
          ],
          "suites": [],
          "passes": [
            "9058eb2f-084c-4060-b0a7-343c8bdd4d76",
            "e2fefc06-588b-4e42-89d7-4ccb2eb59a64",
            "ad5a714b-958b-44ba-9d80-db1a6179fabb",
            "058f3f7c-2ab1-4fd7-b689-cb2e2026e24c"
          ],
          "failures": [],
          "pending": [],
          "skipped": [],
          "duration": 28602,
          "root": false,
          "rootEmpty": false,
          "_timeout": 2000
        }
      ],
      "passes": [],
      "failures": [],
      "pending": [],
      "skipped": [],
      "duration": 0,
      "root": true,
      "rootEmpty": true,
      "_timeout": 2000
    },
    {
      "uuid": "a7a5e2d5-b894-4a0c-9bc3-d825259400b3",
      "title": "",
      "fullFile": "cypress/e2e/Terceros/EliminarTercero.cy.js",
      "file": "cypress/e2e/Terceros/EliminarTercero.cy.js",
      "beforeHooks": [],
      "afterHooks": [],
      "tests": [],
      "suites": [
        {
          "uuid": "bb786fb1-0933-4748-adbf-8a19882b04e7",
          "title": "Terceros - Eliminar último tercero agregado",
          "fullFile": "",
          "file": "",
          "beforeHooks": [],
          "afterHooks": [],
          "tests": [
            {
              "title": "Debe eliminar el último clientes agregado",
              "fullTitle": "Terceros - Eliminar último tercero agregado Debe eliminar el último clientes agregado",
              "timedOut": null,
              "duration": 8024,
              "state": "passed",
              "speed": "medium",
              "pass": true,
              "fail": false,
              "pending": false,
              "context": null,
              "code": "cy.visit(\"/terceros\");\ncy.get(`#${categoria}-tab`).click();\ncy.get(`#${categoria}`).find('button[onclick=\"mostrarAlertaEliminar(this)\"]').last().click();\ncy.get(\"div.swal2-popup.swal2-show\").should(\"be.visible\").within(() => {\n  cy.get(\"button.swal2-confirm.swal2-styled\").click();\n});\ncy.get(\"div.swal2-popup\").should(\"not.exist\");",
              "err": {},
              "uuid": "9b5f649e-b768-4b26-b730-918b13aaa32f",
              "parentUUID": "bb786fb1-0933-4748-adbf-8a19882b04e7",
              "isHook": false,
              "skipped": false
            },
            {
              "title": "Debe eliminar el último proveedores agregado",
              "fullTitle": "Terceros - Eliminar último tercero agregado Debe eliminar el último proveedores agregado",
              "timedOut": null,
              "duration": 5381,
              "state": "passed",
              "speed": "medium",
              "pass": true,
              "fail": false,
              "pending": false,
              "context": null,
              "code": "cy.visit(\"/terceros\");\ncy.get(`#${categoria}-tab`).click();\ncy.get(`#${categoria}`).find('button[onclick=\"mostrarAlertaEliminar(this)\"]').last().click();\ncy.get(\"div.swal2-popup.swal2-show\").should(\"be.visible\").within(() => {\n  cy.get(\"button.swal2-confirm.swal2-styled\").click();\n});\ncy.get(\"div.swal2-popup\").should(\"not.exist\");",
              "err": {},
              "uuid": "9c3c3f28-2cce-42d6-a2ff-ad05517fe349",
              "parentUUID": "bb786fb1-0933-4748-adbf-8a19882b04e7",
              "isHook": false,
              "skipped": false
            },
            {
              "title": "Debe eliminar el último empleados agregado",
              "fullTitle": "Terceros - Eliminar último tercero agregado Debe eliminar el último empleados agregado",
              "timedOut": null,
              "duration": 5378,
              "state": "passed",
              "speed": "medium",
              "pass": true,
              "fail": false,
              "pending": false,
              "context": null,
              "code": "cy.visit(\"/terceros\");\ncy.get(`#${categoria}-tab`).click();\ncy.get(`#${categoria}`).find('button[onclick=\"mostrarAlertaEliminar(this)\"]').last().click();\ncy.get(\"div.swal2-popup.swal2-show\").should(\"be.visible\").within(() => {\n  cy.get(\"button.swal2-confirm.swal2-styled\").click();\n});\ncy.get(\"div.swal2-popup\").should(\"not.exist\");",
              "err": {},
              "uuid": "39927bde-0d1f-4a8c-b74f-fac0fcfd87cd",
              "parentUUID": "bb786fb1-0933-4748-adbf-8a19882b04e7",
              "isHook": false,
              "skipped": false
            },
            {
              "title": "Debe eliminar el último otros agregado",
              "fullTitle": "Terceros - Eliminar último tercero agregado Debe eliminar el último otros agregado",
              "timedOut": null,
              "duration": 5345,
              "state": "passed",
              "speed": "medium",
              "pass": true,
              "fail": false,
              "pending": false,
              "context": null,
              "code": "cy.visit(\"/terceros\");\ncy.get(`#${categoria}-tab`).click();\ncy.get(`#${categoria}`).find('button[onclick=\"mostrarAlertaEliminar(this)\"]').last().click();\ncy.get(\"div.swal2-popup.swal2-show\").should(\"be.visible\").within(() => {\n  cy.get(\"button.swal2-confirm.swal2-styled\").click();\n});\ncy.get(\"div.swal2-popup\").should(\"not.exist\");",
              "err": {},
              "uuid": "8703e941-7224-421d-be8e-5fd52bd6a9f2",
              "parentUUID": "bb786fb1-0933-4748-adbf-8a19882b04e7",
              "isHook": false,
              "skipped": false
            }
          ],
          "suites": [],
          "passes": [
            "9b5f649e-b768-4b26-b730-918b13aaa32f",
            "9c3c3f28-2cce-42d6-a2ff-ad05517fe349",
            "39927bde-0d1f-4a8c-b74f-fac0fcfd87cd",
            "8703e941-7224-421d-be8e-5fd52bd6a9f2"
          ],
          "failures": [],
          "pending": [],
          "skipped": [],
          "duration": 24128,
          "root": false,
          "rootEmpty": false,
          "_timeout": 2000
        }
      ],
      "passes": [],
      "failures": [],
      "pending": [],
      "skipped": [],
      "duration": 0,
      "root": true,
      "rootEmpty": true,
      "_timeout": 2000
    },
    {
      "uuid": "5bc27168-d039-4545-920f-3c4f76ace44e",
      "title": "",
      "fullFile": "cypress/e2e/Terceros/ReportesTerceros.cy.js",
      "file": "cypress/e2e/Terceros/ReportesTerceros.cy.js",
      "beforeHooks": [],
      "afterHooks": [],
      "tests": [],
      "suites": [
        {
          "uuid": "b6180675-d506-4120-b079-b1d1aba88051",
          "title": "Generar Reporte de Terceros",
          "fullFile": "",
          "file": "",
          "beforeHooks": [],
          "afterHooks": [],
          "tests": [
            {
              "title": "Debe abrir el módulo de Terceros y generar un reporte en PDF",
              "fullTitle": "Generar Reporte de Terceros Debe abrir el módulo de Terceros y generar un reporte en PDF",
              "timedOut": null,
              "duration": 4575,
              "state": "passed",
              "speed": "fast",
              "pass": true,
              "fail": false,
              "pending": false,
              "context": null,
              "code": "// --- Ir al módulo de Terceros ---\ncy.visit(\"/terceros\");\n// --- Validar que estamos en la página de Terceros ---\ncy.url().should(\"include\", \"/terceros\");\n// --- Abrir modal de generación de reporte ---\ncy.get('button[data-target=\"#modalReporteTerceros\"]').should(\"be.visible\").click();\n// --- Seleccionar PDF como formato ---\ncy.get(\"#formato\").select(\"PDF\");\n// --- Seleccionar todas las categorías ---\ncy.get(\"#todos\").check();\n// --- Generar reporte ---\ncy.get('#modalReporteTerceros .modal-footer button[type=\"submit\"].btn.btn-primary').should(\"be.visible\").click();",
              "err": {},
              "uuid": "27b75e57-3b11-471a-93ab-0105ef8d1d6b",
              "parentUUID": "b6180675-d506-4120-b079-b1d1aba88051",
              "isHook": false,
              "skipped": false
            }
          ],
          "suites": [],
          "passes": [
            "27b75e57-3b11-471a-93ab-0105ef8d1d6b"
          ],
          "failures": [],
          "pending": [],
          "skipped": [],
          "duration": 4575,
          "root": false,
          "rootEmpty": false,
          "_timeout": 2000
        }
      ],
      "passes": [],
      "failures": [],
      "pending": [],
      "skipped": [],
      "duration": 0,
      "root": true,
      "rootEmpty": true,
      "_timeout": 2000
    }
  ],
  "meta": {
    "mocha": {
      "version": "7.2.0"
    },
    "mochawesome": {
      "options": {
        "quiet": false,
        "reportFilename": "mochawesome",
        "saveHtml": false,
        "saveJson": true,
        "consoleReporter": "spec",
        "useInlineDiffs": false,
        "code": true
      },
      "version": "7.1.4"
    },
    "marge": {
      "options": {
        "reportDir": "mochawesome-report/raw",
        "overwrite": false,
        "html": false,
        "json": true,
        "embeddedScreenshots": true,
        "inlineAssets": false,
        "saveAllAttempts": false
      },
      "version": "6.3.0"
    }
  }
}