{
  "stats": {
    "suites": 6,
    "tests": 8,
    "passes": 5,
    "pending": 0,
    "failures": 3,
    "testsRegistered": 8,
    "passPercent": 62.5,
    "pendingPercent": 0,
    "other": 0,
    "hasOther": false,
    "skipped": 0,
    "hasSkipped": false,
    "start": "2025-11-18T02:45:50.022Z",
    "end": "2025-11-18T02:47:24.100Z",
    "duration": 94078
  },
  "results": [
    {
      "uuid": "d1e61a4d-f4e9-4ce4-9c43-0e2707be35ed",
      "title": "",
      "fullFile": "cypress/e2e/Productos/1. RegistrarProductos.cy.js",
      "file": "cypress/e2e/Productos/1. RegistrarProductos.cy.js",
      "beforeHooks": [],
      "afterHooks": [],
      "tests": [],
      "suites": [
        {
          "uuid": "529aa08a-4542-4808-b3fb-4755c35f333b",
          "title": "RegistroProducto - Agregar productos válidos",
          "fullFile": "",
          "file": "",
          "beforeHooks": [],
          "afterHooks": [],
          "tests": [
            {
              "title": "Debe registrar un producto INVENTARIABLE",
              "fullTitle": "RegistroProducto - Agregar productos válidos Debe registrar un producto INVENTARIABLE",
              "timedOut": null,
              "duration": 20373,
              "state": "failed",
              "speed": null,
              "pass": false,
              "fail": true,
              "pending": false,
              "context": null,
              "code": "// --- Variables del producto ---\nconst timestamp = Date.now();\nconst nombreProducto = `P_Inventariable_${timestamp}`;\nconst cantidadProducto = \"22\";\nconst precioCompra = \"50000\";\nconst precioVenta = \"60000\";\nconst descripcion = \"Producto de prueba con inventario\";\n// --- Navegar a la página de Productos ---\ncy.visit(\"/productos\");\n// --- Validar que estamos en la página de Productos ---\ncy.url().should(\"include\", \"/productos\");\n// --- Abrir modal de \"Agregar producto\" ---\ncy.get('button.btn-agregar[data-target=\"#ingresoModal\"]').should(\"be.visible\").click();\ncy.get(\"#ingresoModal\").should(\"be.visible\");\n// --- Verificar que el switch esté marcado como inventariable por defecto ---\ncy.get('#inventariableSwitch').should(\"be.checked\");\ncy.get('#tipoTexto').should(\"contain\", \"Inventariable\");\n// --- Llenar datos del producto ---\ncy.get('#ingresoModal input[name=\"nombreProducto\"]').type(nombreProducto);\n// Código se selecciona sin escribir\ncy.get('#ingresoModal input[name=\"codigoProducto\"]').click();\ncy.get(\"#sugerencia-codigo\").should(\"exist\");\n// Descripción del producto\ncy.get('#ingresoModal textarea[name=\"descripcion\"]').type(descripcion);\n// Cantidad (solo para inventariables)\ncy.get('#ingresoModal input[name=\"cantidadP\"]').type(cantidadProducto);\n// Precios\ncy.get('#ingresoModal input[name=\"precioCompra_formatted\"]').type(precioCompra);\ncy.get('#ingresoModal input[name=\"precioProducto_formatted\"]').type(precioVenta);\n// --- Guardar producto ---\ncy.get('#ingresoModal button.btn.btn-primary[type=\"submit\"]').click();\n// --- Validar cierre de modal ---\ncy.get(\"#ingresoModal\").should(\"not.be.visible\");\n// --- Validar que el producto aparece en la tabla ---\ncy.contains(nombreProducto).should(\"be.visible\");",
              "err": {
                "message": "AssertionError: Timed out retrying after 10000ms: expected '<div#ingresoModal.modal.fade.show>' not to be 'visible'",
                "estack": "AssertionError: Timed out retrying after 10000ms: expected '<div#ingresoModal.modal.fade.show>' not to be 'visible'\n    at Context.eval (webpack:///./cypress/e2e/Productos/1. RegistrarProductos.cy.js:66:32)",
                "diff": null
              },
              "uuid": "9fd8903c-ad6b-4d91-b0e8-234baddf03b5",
              "parentUUID": "529aa08a-4542-4808-b3fb-4755c35f333b",
              "isHook": false,
              "skipped": false
            },
            {
              "title": "Debe registrar un producto NO INVENTARIABLE",
              "fullTitle": "RegistroProducto - Agregar productos válidos Debe registrar un producto NO INVENTARIABLE",
              "timedOut": null,
              "duration": 12148,
              "state": "failed",
              "speed": null,
              "pass": false,
              "fail": true,
              "pending": false,
              "context": null,
              "code": "// --- Variables del producto ---\nconst timestamp = Date.now();\nconst nombreProducto = `P_NoInventariable_${timestamp}`;\nconst precioCompra = \"30000\";\nconst precioVenta = \"45000\";\nconst descripcion = \"Producto de prueba sin inventario (servicio)\";\n// --- Navegar a la página de Productos ---\ncy.visit(\"/productos\");\n// --- Validar que estamos en la página de Productos ---\ncy.url().should(\"include\", \"/productos\");\n// --- Abrir modal de \"Agregar producto\" ---\ncy.get('button.btn-agregar[data-target=\"#ingresoModal\"]').should(\"be.visible\").click();\ncy.get(\"#ingresoModal\").should(\"be.visible\");\n// --- Desactivar el switch de inventariable ---\ncy.get('#inventariableSwitch').uncheck();\n// --- Verificar que el tipo cambió a No Inventariable ---\ncy.get('#inventariableSwitch').should(\"not.be.checked\");\ncy.get('#tipoTexto').should(\"contain\", \"No Inventariable\");\ncy.get('#tipoDescripcion').should(\"contain\", \"No se creará inventario ni lotes\");\n// --- Llenar datos del producto ---\ncy.get('#ingresoModal input[name=\"nombreProducto\"]').type(nombreProducto);\n// Código se selecciona sin escribir\ncy.get('#ingresoModal input[name=\"codigoProducto\"]').click();\ncy.get(\"#sugerencia-codigo\").should(\"exist\");\n// Descripción del producto\ncy.get('#ingresoModal textarea[name=\"descripcion\"]').type(descripcion);\n// --- NO llenar cantidad porque es un producto no inventariable ---\n// El campo debe tener valor 0 automáticamente\n// Precios\ncy.get('#ingresoModal input[name=\"precioCompra_formatted\"]').type(precioCompra);\ncy.get('#ingresoModal input[name=\"precioProducto_formatted\"]').type(precioVenta);\n// --- Guardar producto ---\ncy.get('#ingresoModal button.btn.btn-primary[type=\"submit\"]').click();\n// --- Validar cierre de modal ---\ncy.get(\"#ingresoModal\").should(\"not.be.visible\");\n// --- Validar que el producto aparece en la tabla ---\ncy.contains(nombreProducto).should(\"be.visible\");",
              "err": {
                "message": "CypressError: Timed out retrying after 10050ms: `cy.uncheck()` failed because this element:\n\n`<input type=\"checkbox\" class=\"custom-control-input\" id=\"inventariableSwitch\" checked=\"\">`\n\nis being covered by another element:\n\n`<label class=\"custom-control-label\" for=\"inventariableSwitch\"></label>`\n\nFix this problem, or use {force: true} to disable error checking.\n\nhttps://on.cypress.io/element-cannot-be-interacted-with",
                "estack": "CypressError: Timed out retrying after 10050ms: `cy.uncheck()` failed because this element:\n\n`<input type=\"checkbox\" class=\"custom-control-input\" id=\"inventariableSwitch\" checked=\"\">`\n\nis being covered by another element:\n\n`<label class=\"custom-control-label\" for=\"inventariableSwitch\"></label>`\n\nFix this problem, or use {force: true} to disable error checking.\n\nhttps://on.cypress.io/element-cannot-be-interacted-with\n    at ensureIsDescendent (https://lpconsultoresempresariales.com/__cypress/runner/cypress_runner.js:114621:68)\n    at ensureDescendents (https://lpconsultoresempresariales.com/__cypress/runner/cypress_runner.js:114672:5)\n    at ensureDescendentsAndScroll (https://lpconsultoresempresariales.com/__cypress/runner/cypress_runner.js:114678:14)\n    at ensureElIsNotCovered (https://lpconsultoresempresariales.com/__cypress/runner/cypress_runner.js:114809:5)\n    at runAllChecks (https://lpconsultoresempresariales.com/__cypress/runner/cypress_runner.js:115008:52)\n    at retryActionability (https://lpconsultoresempresariales.com/__cypress/runner/cypress_runner.js:115045:16)\n    at tryCatcher (https://lpconsultoresempresariales.com/__cypress/runner/cypress_runner.js:1777:23)\n    at Promise.attempt.Promise.try (https://lpconsultoresempresariales.com/__cypress/runner/cypress_runner.js:4285:29)\n    at whenStable (https://lpconsultoresempresariales.com/__cypress/runner/cypress_runner.js:151252:68)\n    at <unknown> (https://lpconsultoresempresariales.com/__cypress/runner/cypress_runner.js:151193:14)\n    at tryCatcher (https://lpconsultoresempresariales.com/__cypress/runner/cypress_runner.js:1777:23)\n    at Promise._settlePromiseFromHandler (https://lpconsultoresempresariales.com/__cypress/runner/cypress_runner.js:1489:31)\n    at Promise._settlePromise (https://lpconsultoresempresariales.com/__cypress/runner/cypress_runner.js:1546:18)\n    at Promise._settlePromise0 (https://lpconsultoresempresariales.com/__cypress/runner/cypress_runner.js:1591:10)\n    at Promise._settlePromises (https://lpconsultoresempresariales.com/__cypress/runner/cypress_runner.js:1671:18)\n    at Promise._fulfill (https://lpconsultoresempresariales.com/__cypress/runner/cypress_runner.js:1615:18)\n    at <unknown> (https://lpconsultoresempresariales.com/__cypress/runner/cypress_runner.js:5420:46)",
                "diff": null
              },
              "uuid": "7c444236-818b-4b8f-b3f9-b70696048f72",
              "parentUUID": "529aa08a-4542-4808-b3fb-4755c35f333b",
              "isHook": false,
              "skipped": false
            }
          ],
          "suites": [],
          "passes": [],
          "failures": [
            "9fd8903c-ad6b-4d91-b0e8-234baddf03b5",
            "7c444236-818b-4b8f-b3f9-b70696048f72"
          ],
          "pending": [],
          "skipped": [],
          "duration": 32521,
          "root": false,
          "rootEmpty": false,
          "_timeout": 2000
        }
      ],
      "passes": [],
      "failures": [],
      "pending": [],
      "skipped": [],
      "duration": 0,
      "root": true,
      "rootEmpty": true,
      "_timeout": 2000
    },
    {
      "uuid": "947c1096-2438-49b6-9633-680a696d9679",
      "title": "",
      "fullFile": "cypress/e2e/Productos/EditarProductos.cy.js",
      "file": "cypress/e2e/Productos/EditarProductos.cy.js",
      "beforeHooks": [],
      "afterHooks": [],
      "tests": [],
      "suites": [
        {
          "uuid": "df3168dd-8b19-447a-ad9a-6b852793ecfd",
          "title": "Productos: Editar producto",
          "fullFile": "",
          "file": "",
          "beforeHooks": [],
          "afterHooks": [],
          "tests": [
            {
              "title": "Editar un producto existente de forma limpia",
              "fullTitle": "Productos: Editar producto Editar un producto existente de forma limpia",
              "timedOut": null,
              "duration": 17503,
              "state": "failed",
              "speed": null,
              "pass": false,
              "fail": true,
              "pending": false,
              "context": null,
              "code": "// --- Variables del producto a editar ---\nconst nuevoCodigo = \"COD-EDIT-001\";\nconst nuevoNombre = \"Producto Editado Test\";\nconst nuevaDescripcion = \"Este es un producto editado desde Cypress\";\nconst nuevoPrecio = \"25000\";\n// --- Abrir menú Gestión Financiera ---\ncy.visit(\"/productos\");\n// --- Validar que estamos en la página de Productos ---\ncy.url().should(\"include\", \"/productos\");\n// --- Abrir el primer modal de edición disponible ---\ncy.get('button[data-target^=\"#productoModalEdit-\"]').first().click();\n// --- Trabajar dentro del modal ---\ncy.get(\"div.modal.fade.show:visible\").within(() => {\n  // --- Editar código ---\n  cy.get(\"input[id^='editCodigoProducto']\").should(\"be.visible\").click().clear().type(nuevoCodigo, {\n    delay: 50\n  });\n  // --- Editar nombre ---\n  cy.get(\"input[id^='editNombreProducto']\").should(\"be.visible\").click().clear().type(nuevoNombre);\n  // --- Editar descripción ---\n  cy.get(\"textarea[id^='editDescripcion']\").should(\"be.visible\").click().clear().type(nuevaDescripcion);\n  // --- Editar precio ---\n  cy.get(\"input[id^='precioProductoEdit']\").should(\"be.visible\").click().clear().type(nuevoPrecio);\n  // --- Guardar cambios ---\n  cy.get(\"div.modal-footer button.btn.btn-primary\").should(\"be.visible\").click();\n});\n// --- Espera a que el modal cierre correctamente ---\ncy.get(\"div.modal.fade.show\").should(\"not.exist\");",
              "err": {
                "message": "AssertionError: Timed out retrying after 10000ms: Expected to find element: `textarea[id^='editDescripcion']`, but never found it.",
                "estack": "AssertionError: Timed out retrying after 10000ms: Expected to find element: `textarea[id^='editDescripcion']`, but never found it.\n    at Context.eval (webpack:///./cypress/e2e/Productos/EditarProductos.cy.js:47:17)\n    at withinFn (https://lpconsultoresempresariales.com/__cypress/runner/cypress_runner.js:135235:8)\n    at <unknown> (https://lpconsultoresempresariales.com/__cypress/runner/cypress_runner.js:135316:16)\n    at __WEBPACK_DEFAULT_EXPORT__ (https://lpconsultoresempresariales.com/__cypress/runner/cypress_runner.js:133169:10)\n    at Context.within (https://lpconsultoresempresariales.com/__cypress/runner/cypress_runner.js:135302:67)\n    at wrapped (https://lpconsultoresempresariales.com/__cypress/runner/cypress_runner.js:145577:19)",
                "diff": null
              },
              "uuid": "da6d11e9-fa6c-48de-acf9-8cbad3223d37",
              "parentUUID": "df3168dd-8b19-447a-ad9a-6b852793ecfd",
              "isHook": false,
              "skipped": false
            }
          ],
          "suites": [],
          "passes": [],
          "failures": [
            "da6d11e9-fa6c-48de-acf9-8cbad3223d37"
          ],
          "pending": [],
          "skipped": [],
          "duration": 17503,
          "root": false,
          "rootEmpty": false,
          "_timeout": 2000
        }
      ],
      "passes": [],
      "failures": [],
      "pending": [],
      "skipped": [],
      "duration": 0,
      "root": true,
      "rootEmpty": true,
      "_timeout": 2000
    },
    {
      "uuid": "c3e5f4b9-c994-4a16-9639-962c01a0c1da",
      "title": "",
      "fullFile": "cypress/e2e/Productos/EliminarProductos.cy.js",
      "file": "cypress/e2e/Productos/EliminarProductos.cy.js",
      "beforeHooks": [],
      "afterHooks": [],
      "tests": [],
      "suites": [
        {
          "uuid": "bc5764d4-c839-4124-b148-4b14c4ff0234",
          "title": "Productos: Eliminar producto",
          "fullFile": "",
          "file": "",
          "beforeHooks": [],
          "afterHooks": [],
          "tests": [
            {
              "title": "Debe eliminar el primer producto de la lista",
              "fullTitle": "Productos: Eliminar producto Debe eliminar el primer producto de la lista",
              "timedOut": null,
              "duration": 9417,
              "state": "passed",
              "speed": "medium",
              "pass": true,
              "fail": false,
              "pending": false,
              "context": null,
              "code": "// --- Seleccionar el primer producto de la lista ---\ncy.get('button[onclick^=\"mostrarAlertaEliminar\"]').first().click();\n// --- Confirmar modal de eliminación ---\ncy.get(\"div.swal2-popup.swal2-modal\").should(\"be.visible\");\ncy.get(\"button.swal2-confirm.swal2-styled\").click();\n// --- Validación mínima: el modal desaparece ---\ncy.get(\"div.swal2-popup.swal2-modal\").should(\"not.exist\");",
              "err": {},
              "uuid": "ac27c7b5-09c7-4fc8-b4a7-a9b8af2a0bac",
              "parentUUID": "bc5764d4-c839-4124-b148-4b14c4ff0234",
              "isHook": false,
              "skipped": false
            }
          ],
          "suites": [],
          "passes": [
            "ac27c7b5-09c7-4fc8-b4a7-a9b8af2a0bac"
          ],
          "failures": [],
          "pending": [],
          "skipped": [],
          "duration": 9417,
          "root": false,
          "rootEmpty": false,
          "_timeout": 2000
        }
      ],
      "passes": [],
      "failures": [],
      "pending": [],
      "skipped": [],
      "duration": 0,
      "root": true,
      "rootEmpty": true,
      "_timeout": 2000
    },
    {
      "uuid": "77c52a6c-4082-4de1-a197-3a843a129b09",
      "title": "",
      "fullFile": "cypress/e2e/Productos/ModificacionInventario.cy.js",
      "file": "cypress/e2e/Productos/ModificacionInventario.cy.js",
      "beforeHooks": [],
      "afterHooks": [],
      "tests": [],
      "suites": [
        {
          "uuid": "7641504e-59cb-43eb-bfc1-7ecd7edf25e6",
          "title": "Modificación de Inventario",
          "fullFile": "",
          "file": "",
          "beforeHooks": [],
          "afterHooks": [],
          "tests": [
            {
              "title": "Debe modificar el inventario del segundo producto: aumenta",
              "fullTitle": "Modificación de Inventario Debe modificar el inventario del segundo producto: aumenta",
              "timedOut": null,
              "duration": 8040,
              "state": "passed",
              "speed": "medium",
              "pass": true,
              "fail": false,
              "pending": false,
              "context": null,
              "code": "// --- Ir al módulo de Inventario ---\ncy.visit(\"/inventario\");\ncy.url().should(\"include\", \"/inventario\");\n// --- Seleccionar la segunda fila de la tabla por clase y abrir modal de edición ---\ncy.get('button[data-original-title=\"Editar inventario\"]').eq(1).click();\n// --- Completar el modal de edición ---\ncy.get(\"#modalAjusteInventario\").should(\"be.visible\").within(() => {\n  const responsable = \"Andres Perez\";\n  cy.get('input[name=\"responsable\"]').clear().type(responsable);\n  cy.get(\"select#tipoAjuste\").select(escenario.tipoAjuste);\n  cy.get('input[name=\"cantidad\"]').clear().type(escenario.cantidad);\n  cy.get('input[name=\"precio\"]').clear().type(escenario.precio);\n  cy.get('textarea[name=\"observaciones\"]').clear().type(escenario.observaciones);\n  // --- Guardar cambios ---\n  cy.get('button[type=\"submit\"].btn.btn-primary').click();\n});\n// --- Validar que el modal se cerró ---\ncy.get(\"#modalAjusteInventario\").should(\"not.be.visible\");",
              "err": {},
              "uuid": "fda6cd24-a058-4741-b246-1f7ead176509",
              "parentUUID": "7641504e-59cb-43eb-bfc1-7ecd7edf25e6",
              "isHook": false,
              "skipped": false
            },
            {
              "title": "Debe modificar el inventario del segundo producto: disminuye",
              "fullTitle": "Modificación de Inventario Debe modificar el inventario del segundo producto: disminuye",
              "timedOut": null,
              "duration": 3877,
              "state": "passed",
              "speed": "fast",
              "pass": true,
              "fail": false,
              "pending": false,
              "context": null,
              "code": "// --- Ir al módulo de Inventario ---\ncy.visit(\"/inventario\");\ncy.url().should(\"include\", \"/inventario\");\n// --- Seleccionar la segunda fila de la tabla por clase y abrir modal de edición ---\ncy.get('button[data-original-title=\"Editar inventario\"]').eq(1).click();\n// --- Completar el modal de edición ---\ncy.get(\"#modalAjusteInventario\").should(\"be.visible\").within(() => {\n  const responsable = \"Andres Perez\";\n  cy.get('input[name=\"responsable\"]').clear().type(responsable);\n  cy.get(\"select#tipoAjuste\").select(escenario.tipoAjuste);\n  cy.get('input[name=\"cantidad\"]').clear().type(escenario.cantidad);\n  cy.get('input[name=\"precio\"]').clear().type(escenario.precio);\n  cy.get('textarea[name=\"observaciones\"]').clear().type(escenario.observaciones);\n  // --- Guardar cambios ---\n  cy.get('button[type=\"submit\"].btn.btn-primary').click();\n});\n// --- Validar que el modal se cerró ---\ncy.get(\"#modalAjusteInventario\").should(\"not.be.visible\");",
              "err": {},
              "uuid": "90524b09-e676-4a9b-9d45-f1a34c4ed2ad",
              "parentUUID": "7641504e-59cb-43eb-bfc1-7ecd7edf25e6",
              "isHook": false,
              "skipped": false
            }
          ],
          "suites": [],
          "passes": [
            "fda6cd24-a058-4741-b246-1f7ead176509",
            "90524b09-e676-4a9b-9d45-f1a34c4ed2ad"
          ],
          "failures": [],
          "pending": [],
          "skipped": [],
          "duration": 11917,
          "root": false,
          "rootEmpty": false,
          "_timeout": 2000
        }
      ],
      "passes": [],
      "failures": [],
      "pending": [],
      "skipped": [],
      "duration": 0,
      "root": true,
      "rootEmpty": true,
      "_timeout": 2000
    },
    {
      "uuid": "edcb3fa6-6c59-491e-b09e-a6ea1705a401",
      "title": "",
      "fullFile": "cypress/e2e/Productos/ReporteInventario.cy.js",
      "file": "cypress/e2e/Productos/ReporteInventario.cy.js",
      "beforeHooks": [],
      "afterHooks": [],
      "tests": [],
      "suites": [
        {
          "uuid": "e3c8830b-cbe3-46a6-b21d-0753dcb7c2a7",
          "title": "Inventario - Reporte de historial de movimientos",
          "fullFile": "",
          "file": "",
          "beforeHooks": [],
          "afterHooks": [],
          "tests": [
            {
              "title": "Debe generar reportes de historial en PDF y Excel",
              "fullTitle": "Inventario - Reporte de historial de movimientos Debe generar reportes de historial en PDF y Excel",
              "timedOut": null,
              "duration": 7117,
              "state": "passed",
              "speed": "medium",
              "pass": true,
              "fail": false,
              "pending": false,
              "context": null,
              "code": "// --- Abrir menú Gestión Financiera ---\ncy.visit(\"/inventario\");\n// --- Validar que estamos en la página de Inventario ---\ncy.url().should(\"include\", \"/inventario\");\n// --- Abrir modal de reporte del segundo producto disponible ---\ncy.get('button[data-original-title=\"Generar reporte\"]').first().click();\n// --- Trabajar dentro del modal visible ---\ncy.get(\"div.modal-dialog:visible\").within(() => {\n  // --- Ingresar fecha inicial ---\n  cy.get('input[name=\"fecha_inicial\"]').clear().type(\"2025-10-01\");\n  // --- Ingresar fecha final ---\n  cy.get('input[name=\"fecha_final\"]').clear().type(\"2025-12-07\");\n  // --- Generar reporte en PDF ---\n  cy.get('button[value=\"pdf\"]').click();\n  // --- Generar reporte en Excel ---\n  cy.get('button[value=\"excel\"]').click();\n});\n// --- Validación opcional: el modal sigue visible mientras se genera el reporte ---\ncy.get(\"div.modal-dialog:visible\").should(\"exist\");",
              "err": {},
              "uuid": "aae3ee0a-ead0-4792-a1d9-27e184cd2302",
              "parentUUID": "e3c8830b-cbe3-46a6-b21d-0753dcb7c2a7",
              "isHook": false,
              "skipped": false
            }
          ],
          "suites": [],
          "passes": [
            "aae3ee0a-ead0-4792-a1d9-27e184cd2302"
          ],
          "failures": [],
          "pending": [],
          "skipped": [],
          "duration": 7117,
          "root": false,
          "rootEmpty": false,
          "_timeout": 2000
        }
      ],
      "passes": [],
      "failures": [],
      "pending": [],
      "skipped": [],
      "duration": 0,
      "root": true,
      "rootEmpty": true,
      "_timeout": 2000
    },
    {
      "uuid": "24b499c1-8c1d-4f24-af50-c39a7684800d",
      "title": "",
      "fullFile": "cypress/e2e/Productos/VerHistoriarInventario.cy.js",
      "file": "cypress/e2e/Productos/VerHistoriarInventario.cy.js",
      "beforeHooks": [],
      "afterHooks": [],
      "tests": [],
      "suites": [
        {
          "uuid": "08b656b7-c11a-4fe1-9a9f-3a64f5092164",
          "title": "Inventario - Historial de movimientos",
          "fullFile": "",
          "file": "",
          "beforeHooks": [],
          "afterHooks": [],
          "tests": [
            {
              "title": "Abrir y cerrar historial de movimientos de un producto",
              "fullTitle": "Inventario - Historial de movimientos Abrir y cerrar historial de movimientos de un producto",
              "timedOut": null,
              "duration": 5837,
              "state": "passed",
              "speed": "medium",
              "pass": true,
              "fail": false,
              "pending": false,
              "context": null,
              "code": "// --- Abrir menú Gestión Financiera ---\ncy.visit(\"/inventario\");\n// --- Validar que estamos en Inventario ---\ncy.url().should(\"include\", \"/inventario\");\n// --- Abrir modal de historial del segundo producto ---\ncy.get('button[data-original-title=\"Ver historial\"]').eq(1).click();\n// --- Validar que el modal exista ---\ncy.get(\"div.modal:visible\").should(\"exist\");",
              "err": {},
              "uuid": "62ae6d8f-e5ca-41a9-9091-173fe09d2ec0",
              "parentUUID": "08b656b7-c11a-4fe1-9a9f-3a64f5092164",
              "isHook": false,
              "skipped": false
            }
          ],
          "suites": [],
          "passes": [
            "62ae6d8f-e5ca-41a9-9091-173fe09d2ec0"
          ],
          "failures": [],
          "pending": [],
          "skipped": [],
          "duration": 5837,
          "root": false,
          "rootEmpty": false,
          "_timeout": 2000
        }
      ],
      "passes": [],
      "failures": [],
      "pending": [],
      "skipped": [],
      "duration": 0,
      "root": true,
      "rootEmpty": true,
      "_timeout": 2000
    }
  ],
  "meta": {
    "mocha": {
      "version": "7.2.0"
    },
    "mochawesome": {
      "options": {
        "quiet": false,
        "reportFilename": "mochawesome",
        "saveHtml": false,
        "saveJson": true,
        "consoleReporter": "spec",
        "useInlineDiffs": false,
        "code": true
      },
      "version": "7.1.4"
    },
    "marge": {
      "options": {
        "reportDir": "mochawesome-report/raw",
        "overwrite": false,
        "html": false,
        "json": true,
        "embeddedScreenshots": true,
        "inlineAssets": false,
        "saveAllAttempts": false
      },
      "version": "6.3.0"
    }
  }
}