{
  "stats": {
    "suites": 1,
    "tests": 4,
    "passes": 4,
    "pending": 0,
    "failures": 0,
    "start": "2025-11-08T15:24:46.669Z",
    "end": "2025-11-08T15:25:10.955Z",
    "duration": 24286,
    "testsRegistered": 4,
    "passPercent": 100,
    "pendingPercent": 0,
    "other": 0,
    "hasOther": false,
    "skipped": 0,
    "hasSkipped": false
  },
  "results": [
    {
      "uuid": "a7a5e2d5-b894-4a0c-9bc3-d825259400b3",
      "title": "",
      "fullFile": "cypress/e2e/Terceros/EliminarTercero.cy.js",
      "file": "cypress/e2e/Terceros/EliminarTercero.cy.js",
      "beforeHooks": [],
      "afterHooks": [],
      "tests": [],
      "suites": [
        {
          "uuid": "bb786fb1-0933-4748-adbf-8a19882b04e7",
          "title": "Terceros - Eliminar último tercero agregado",
          "fullFile": "",
          "file": "",
          "beforeHooks": [],
          "afterHooks": [],
          "tests": [
            {
              "title": "Debe eliminar el último clientes agregado",
              "fullTitle": "Terceros - Eliminar último tercero agregado Debe eliminar el último clientes agregado",
              "timedOut": null,
              "duration": 8024,
              "state": "passed",
              "speed": "medium",
              "pass": true,
              "fail": false,
              "pending": false,
              "context": null,
              "code": "cy.visit(\"/terceros\");\ncy.get(`#${categoria}-tab`).click();\ncy.get(`#${categoria}`).find('button[onclick=\"mostrarAlertaEliminar(this)\"]').last().click();\ncy.get(\"div.swal2-popup.swal2-show\").should(\"be.visible\").within(() => {\n  cy.get(\"button.swal2-confirm.swal2-styled\").click();\n});\ncy.get(\"div.swal2-popup\").should(\"not.exist\");",
              "err": {},
              "uuid": "9b5f649e-b768-4b26-b730-918b13aaa32f",
              "parentUUID": "bb786fb1-0933-4748-adbf-8a19882b04e7",
              "isHook": false,
              "skipped": false
            },
            {
              "title": "Debe eliminar el último proveedores agregado",
              "fullTitle": "Terceros - Eliminar último tercero agregado Debe eliminar el último proveedores agregado",
              "timedOut": null,
              "duration": 5381,
              "state": "passed",
              "speed": "medium",
              "pass": true,
              "fail": false,
              "pending": false,
              "context": null,
              "code": "cy.visit(\"/terceros\");\ncy.get(`#${categoria}-tab`).click();\ncy.get(`#${categoria}`).find('button[onclick=\"mostrarAlertaEliminar(this)\"]').last().click();\ncy.get(\"div.swal2-popup.swal2-show\").should(\"be.visible\").within(() => {\n  cy.get(\"button.swal2-confirm.swal2-styled\").click();\n});\ncy.get(\"div.swal2-popup\").should(\"not.exist\");",
              "err": {},
              "uuid": "9c3c3f28-2cce-42d6-a2ff-ad05517fe349",
              "parentUUID": "bb786fb1-0933-4748-adbf-8a19882b04e7",
              "isHook": false,
              "skipped": false
            },
            {
              "title": "Debe eliminar el último empleados agregado",
              "fullTitle": "Terceros - Eliminar último tercero agregado Debe eliminar el último empleados agregado",
              "timedOut": null,
              "duration": 5378,
              "state": "passed",
              "speed": "medium",
              "pass": true,
              "fail": false,
              "pending": false,
              "context": null,
              "code": "cy.visit(\"/terceros\");\ncy.get(`#${categoria}-tab`).click();\ncy.get(`#${categoria}`).find('button[onclick=\"mostrarAlertaEliminar(this)\"]').last().click();\ncy.get(\"div.swal2-popup.swal2-show\").should(\"be.visible\").within(() => {\n  cy.get(\"button.swal2-confirm.swal2-styled\").click();\n});\ncy.get(\"div.swal2-popup\").should(\"not.exist\");",
              "err": {},
              "uuid": "39927bde-0d1f-4a8c-b74f-fac0fcfd87cd",
              "parentUUID": "bb786fb1-0933-4748-adbf-8a19882b04e7",
              "isHook": false,
              "skipped": false
            },
            {
              "title": "Debe eliminar el último otros agregado",
              "fullTitle": "Terceros - Eliminar último tercero agregado Debe eliminar el último otros agregado",
              "timedOut": null,
              "duration": 5345,
              "state": "passed",
              "speed": "medium",
              "pass": true,
              "fail": false,
              "pending": false,
              "context": null,
              "code": "cy.visit(\"/terceros\");\ncy.get(`#${categoria}-tab`).click();\ncy.get(`#${categoria}`).find('button[onclick=\"mostrarAlertaEliminar(this)\"]').last().click();\ncy.get(\"div.swal2-popup.swal2-show\").should(\"be.visible\").within(() => {\n  cy.get(\"button.swal2-confirm.swal2-styled\").click();\n});\ncy.get(\"div.swal2-popup\").should(\"not.exist\");",
              "err": {},
              "uuid": "8703e941-7224-421d-be8e-5fd52bd6a9f2",
              "parentUUID": "bb786fb1-0933-4748-adbf-8a19882b04e7",
              "isHook": false,
              "skipped": false
            }
          ],
          "suites": [],
          "passes": [
            "9b5f649e-b768-4b26-b730-918b13aaa32f",
            "9c3c3f28-2cce-42d6-a2ff-ad05517fe349",
            "39927bde-0d1f-4a8c-b74f-fac0fcfd87cd",
            "8703e941-7224-421d-be8e-5fd52bd6a9f2"
          ],
          "failures": [],
          "pending": [],
          "skipped": [],
          "duration": 24128,
          "root": false,
          "rootEmpty": false,
          "_timeout": 2000
        }
      ],
      "passes": [],
      "failures": [],
      "pending": [],
      "skipped": [],
      "duration": 0,
      "root": true,
      "rootEmpty": true,
      "_timeout": 2000
    }
  ],
  "meta": {
    "mocha": {
      "version": "7.2.0"
    },
    "mochawesome": {
      "options": {
        "quiet": false,
        "reportFilename": "mochawesome",
        "saveHtml": false,
        "saveJson": true,
        "consoleReporter": "spec",
        "useInlineDiffs": false,
        "code": true
      },
      "version": "7.1.4"
    },
    "marge": {
      "options": {
        "reportDir": "mochawesome-report/raw",
        "overwrite": false,
        "html": false,
        "json": true,
        "embeddedScreenshots": true,
        "inlineAssets": false,
        "saveAllAttempts": false
      },
      "version": "6.3.0"
    }
  }
}