{
  "stats": {
    "suites": 1,
    "tests": 1,
    "passes": 1,
    "pending": 0,
    "failures": 0,
    "start": "2025-11-18T02:46:44.261Z",
    "end": "2025-11-18T02:46:53.732Z",
    "duration": 9471,
    "testsRegistered": 1,
    "passPercent": 100,
    "pendingPercent": 0,
    "other": 0,
    "hasOther": false,
    "skipped": 0,
    "hasSkipped": false
  },
  "results": [
    {
      "uuid": "c3e5f4b9-c994-4a16-9639-962c01a0c1da",
      "title": "",
      "fullFile": "cypress/e2e/Productos/EliminarProductos.cy.js",
      "file": "cypress/e2e/Productos/EliminarProductos.cy.js",
      "beforeHooks": [],
      "afterHooks": [],
      "tests": [],
      "suites": [
        {
          "uuid": "bc5764d4-c839-4124-b148-4b14c4ff0234",
          "title": "Productos: Eliminar producto",
          "fullFile": "",
          "file": "",
          "beforeHooks": [],
          "afterHooks": [],
          "tests": [
            {
              "title": "Debe eliminar el primer producto de la lista",
              "fullTitle": "Productos: Eliminar producto Debe eliminar el primer producto de la lista",
              "timedOut": null,
              "duration": 9417,
              "state": "passed",
              "speed": "medium",
              "pass": true,
              "fail": false,
              "pending": false,
              "context": null,
              "code": "// --- Seleccionar el primer producto de la lista ---\ncy.get('button[onclick^=\"mostrarAlertaEliminar\"]').first().click();\n// --- Confirmar modal de eliminación ---\ncy.get(\"div.swal2-popup.swal2-modal\").should(\"be.visible\");\ncy.get(\"button.swal2-confirm.swal2-styled\").click();\n// --- Validación mínima: el modal desaparece ---\ncy.get(\"div.swal2-popup.swal2-modal\").should(\"not.exist\");",
              "err": {},
              "uuid": "ac27c7b5-09c7-4fc8-b4a7-a9b8af2a0bac",
              "parentUUID": "bc5764d4-c839-4124-b148-4b14c4ff0234",
              "isHook": false,
              "skipped": false
            }
          ],
          "suites": [],
          "passes": [
            "ac27c7b5-09c7-4fc8-b4a7-a9b8af2a0bac"
          ],
          "failures": [],
          "pending": [],
          "skipped": [],
          "duration": 9417,
          "root": false,
          "rootEmpty": false,
          "_timeout": 2000
        }
      ],
      "passes": [],
      "failures": [],
      "pending": [],
      "skipped": [],
      "duration": 0,
      "root": true,
      "rootEmpty": true,
      "_timeout": 2000
    }
  ],
  "meta": {
    "mocha": {
      "version": "7.2.0"
    },
    "mochawesome": {
      "options": {
        "quiet": false,
        "reportFilename": "mochawesome",
        "saveHtml": false,
        "saveJson": true,
        "consoleReporter": "spec",
        "useInlineDiffs": false,
        "code": true
      },
      "version": "7.1.4"
    },
    "marge": {
      "options": {
        "reportDir": "mochawesome-report/raw",
        "overwrite": false,
        "html": false,
        "json": true,
        "embeddedScreenshots": true,
        "inlineAssets": false,
        "saveAllAttempts": false
      },
      "version": "6.3.0"
    }
  }
}