{
  "stats": {
    "suites": 1,
    "tests": 1,
    "passes": 0,
    "pending": 1,
    "failures": 0,
    "start": "2025-10-24T15:12:47.838Z",
    "end": "2025-10-24T15:12:47.863Z",
    "duration": 25,
    "testsRegistered": 1,
    "passPercent": null,
    "pendingPercent": 100,
    "other": 0,
    "hasOther": false,
    "skipped": 0,
    "hasSkipped": false
  },
  "results": [
    {
      "uuid": "222cd55f-9b6d-4296-a581-8d85403ba559",
      "title": "",
      "fullFile": "cypress/e2e/Ingresos/Gestionar5CotizacionesEliminar.cy.js",
      "file": "cypress/e2e/Ingresos/Gestionar5CotizacionesEliminar.cy.js",
      "beforeHooks": [],
      "afterHooks": [],
      "tests": [],
      "suites": [
        {
          "uuid": "deae0f23-575a-4217-9ea4-ad3b3e0b0ec6",
          "title": "Ingresos - Eliminar cotizaciones",
          "fullFile": "",
          "file": "",
          "beforeHooks": [],
          "afterHooks": [],
          "tests": [
            {
              "title": "Eliminar las primeras 3 cotizaciones de la tabla",
              "fullTitle": "Ingresos - Eliminar cotizaciones Eliminar las primeras 3 cotizaciones de la tabla",
              "timedOut": null,
              "duration": 0,
              "state": "pending",
              "speed": null,
              "pass": false,
              "fail": false,
              "pending": true,
              "context": null,
              "code": "for (let i = 0; i < 3; i++) {\n  cy.get(\".table-cotizaciones tbody tr\").eq(0).within(() => {\n    cy.get('button[title=\"Eliminar\"]').click();\n  });\n  // Confirmar SweetAlert2 de eliminación\n  cy.get(\".swal2-container.swal2-center.swal2-backdrop-show\", {\n    timeout: 10000\n  }).contains(\"Sí, eliminar\").click();\n  // Esperar a que se cierre el modal de confirmación\n  cy.get(\".swal2-container.swal2-center.swal2-backdrop-show\").should(\"not.exist\");\n  // Pequeña espera para que la tabla se actualice\n  cy.wait(500);\n}",
              "err": {},
              "uuid": "ec6c1ed4-84c6-4b9a-abd5-3f4d6b9188a2",
              "parentUUID": "deae0f23-575a-4217-9ea4-ad3b3e0b0ec6",
              "isHook": false,
              "skipped": false
            }
          ],
          "suites": [],
          "passes": [],
          "failures": [],
          "pending": [
            "ec6c1ed4-84c6-4b9a-abd5-3f4d6b9188a2"
          ],
          "skipped": [],
          "duration": 0,
          "root": false,
          "rootEmpty": false,
          "_timeout": 2000
        }
      ],
      "passes": [],
      "failures": [],
      "pending": [],
      "skipped": [],
      "duration": 0,
      "root": true,
      "rootEmpty": true,
      "_timeout": 2000
    }
  ],
  "meta": {
    "mocha": {
      "version": "7.2.0"
    },
    "mochawesome": {
      "options": {
        "quiet": false,
        "reportFilename": "mochawesome",
        "saveHtml": false,
        "saveJson": true,
        "consoleReporter": "spec",
        "useInlineDiffs": false,
        "code": true
      },
      "version": "7.1.4"
    },
    "marge": {
      "options": {
        "reportDir": "mochawesome-report/raw",
        "overwrite": false,
        "html": false,
        "json": true,
        "embeddedScreenshots": true,
        "inlineAssets": false,
        "saveAllAttempts": false
      },
      "version": "6.3.0"
    }
  }
}