{
  "stats": {
    "suites": 1,
    "tests": 1,
    "passes": 1,
    "pending": 0,
    "failures": 0,
    "start": "2025-12-06T14:16:19.874Z",
    "end": "2025-12-06T14:16:29.358Z",
    "duration": 9484,
    "testsRegistered": 1,
    "passPercent": 100,
    "pendingPercent": 0,
    "other": 0,
    "hasOther": false,
    "skipped": 0,
    "hasSkipped": false
  },
  "results": [
    {
      "uuid": "5b802b35-9fb6-4a09-acd7-00604bee3c81",
      "title": "",
      "fullFile": "cypress/e2e/Ingresos/ComprobanteVenta.cy.js",
      "file": "cypress/e2e/Ingresos/ComprobanteVenta.cy.js",
      "beforeHooks": [],
      "afterHooks": [],
      "tests": [],
      "suites": [
        {
          "uuid": "1d6d2ba1-0b54-457c-b6b4-435a4bbd2213",
          "title": "Cuentas por cobrar - Ver comprobante de venta",
          "fullFile": "",
          "file": "",
          "beforeHooks": [],
          "afterHooks": [],
          "tests": [
            {
              "title": "Debe abrir el modal del comprobante y verificar los botones",
              "fullTitle": "Cuentas por cobrar - Ver comprobante de venta Debe abrir el modal del comprobante y verificar los botones",
              "timedOut": null,
              "duration": 9432,
              "state": "passed",
              "speed": "medium",
              "pass": true,
              "fail": false,
              "pending": false,
              "context": null,
              "code": "// --- Navegar a Cuentas por cobrar ---\ncy.visit(\"/cuentaspagar\");\n// --- Abrir la primera fila ---\ncy.get(\"td.dtr-control.sorting_1\").first().click();\n// --- Abrir modal comprobante ---\ncy.get('button[data-toggle=\"modal\"]', {\n  timeout: 10000\n}).should(\"be.visible\").first().click();\n// --- Validar botones del modal ---\ncy.get('div[aria-labelledby=\"comprobanteLabel\"]:visible').within(() => {\n  cy.get('button[title=\"Generar comprobante en PDF\"]').first().scrollIntoView().click();\n  cy.get('button[title=\"Generar tirilla térmica (80mm)\"]').first().click();\n  cy.get('div.d-flex button[data-dismiss=\"modal\"]').first().click();\n});\n// --- Confirmar cierre del modal ---\ncy.get('div[aria-labelledby=\"comprobanteLabel\"]').should(\"not.be.visible\");",
              "err": {},
              "uuid": "34f31676-1fd9-4181-b68e-6b0ade9087fa",
              "parentUUID": "1d6d2ba1-0b54-457c-b6b4-435a4bbd2213",
              "isHook": false,
              "skipped": false
            }
          ],
          "suites": [],
          "passes": [
            "34f31676-1fd9-4181-b68e-6b0ade9087fa"
          ],
          "failures": [],
          "pending": [],
          "skipped": [],
          "duration": 9432,
          "root": false,
          "rootEmpty": false,
          "_timeout": 2000
        }
      ],
      "passes": [],
      "failures": [],
      "pending": [],
      "skipped": [],
      "duration": 0,
      "root": true,
      "rootEmpty": true,
      "_timeout": 2000
    }
  ],
  "meta": {
    "mocha": {
      "version": "7.2.0"
    },
    "mochawesome": {
      "options": {
        "quiet": false,
        "reportFilename": "mochawesome",
        "saveHtml": false,
        "saveJson": true,
        "consoleReporter": "spec",
        "useInlineDiffs": false,
        "code": true
      },
      "version": "7.1.4"
    },
    "marge": {
      "options": {
        "reportDir": "mochawesome-report/raw",
        "overwrite": false,
        "html": false,
        "json": true,
        "embeddedScreenshots": true,
        "inlineAssets": false,
        "saveAllAttempts": false
      },
      "version": "6.3.0"
    }
  }
}