{
  "stats": {
    "suites": 1,
    "tests": 1,
    "passes": 1,
    "pending": 0,
    "failures": 0,
    "start": "2025-10-24T15:16:24.857Z",
    "end": "2025-10-24T15:16:32.442Z",
    "duration": 7585,
    "testsRegistered": 1,
    "passPercent": 100,
    "pendingPercent": 0,
    "other": 0,
    "hasOther": false,
    "skipped": 0,
    "hasSkipped": false
  },
  "results": [
    {
      "uuid": "8e9ecff5-4a6a-4e50-b6d6-e43b7d0dd5dc",
      "title": "",
      "fullFile": "cypress/e2e/Productos/ReporteInventario.cy.js",
      "file": "cypress/e2e/Productos/ReporteInventario.cy.js",
      "beforeHooks": [],
      "afterHooks": [],
      "tests": [],
      "suites": [
        {
          "uuid": "eec18cfa-046e-4de9-a6fd-697d7074a6d3",
          "title": "Inventario - Reporte de historial de movimientos",
          "fullFile": "",
          "file": "",
          "beforeHooks": [],
          "afterHooks": [],
          "tests": [
            {
              "title": "Debe generar reportes de historial en PDF y Excel",
              "fullTitle": "Inventario - Reporte de historial de movimientos Debe generar reportes de historial en PDF y Excel",
              "timedOut": null,
              "duration": 7529,
              "state": "passed",
              "speed": "medium",
              "pass": true,
              "fail": false,
              "pending": false,
              "context": null,
              "code": "// --- Abrir menú Gestión Financiera ---\ncy.visit(\"/inventario\");\n// --- Validar que estamos en la página de Inventario ---\ncy.url().should(\"include\", \"/inventario\");\n// --- Abrir modal de reporte del segundo producto disponible ---\ncy.get('button[data-original-title=\"Generar reporte\"]').first().click();\n// --- Trabajar dentro del modal visible ---\ncy.get(\"div.modal-dialog:visible\").within(() => {\n  // --- Ingresar fecha inicial ---\n  cy.get('input[name=\"fecha_inicial\"]').clear().type(\"2025-10-01\");\n  // --- Ingresar fecha final ---\n  cy.get('input[name=\"fecha_final\"]').clear().type(\"2025-12-07\");\n  // --- Generar reporte en PDF ---\n  cy.get('button[value=\"pdf\"]').click();\n  // --- Generar reporte en Excel ---\n  cy.get('button[value=\"excel\"]').click();\n});\n// --- Validación opcional: el modal sigue visible mientras se genera el reporte ---\ncy.get(\"div.modal-dialog:visible\").should(\"exist\");",
              "err": {},
              "uuid": "54de0257-9e7e-4882-b051-d1bba0696e51",
              "parentUUID": "eec18cfa-046e-4de9-a6fd-697d7074a6d3",
              "isHook": false,
              "skipped": false
            }
          ],
          "suites": [],
          "passes": [
            "54de0257-9e7e-4882-b051-d1bba0696e51"
          ],
          "failures": [],
          "pending": [],
          "skipped": [],
          "duration": 7529,
          "root": false,
          "rootEmpty": false,
          "_timeout": 2000
        }
      ],
      "passes": [],
      "failures": [],
      "pending": [],
      "skipped": [],
      "duration": 0,
      "root": true,
      "rootEmpty": true,
      "_timeout": 2000
    }
  ],
  "meta": {
    "mocha": {
      "version": "7.2.0"
    },
    "mochawesome": {
      "options": {
        "quiet": false,
        "reportFilename": "mochawesome",
        "saveHtml": false,
        "saveJson": true,
        "consoleReporter": "spec",
        "useInlineDiffs": false,
        "code": true
      },
      "version": "7.1.4"
    },
    "marge": {
      "options": {
        "reportDir": "mochawesome-report/raw",
        "overwrite": false,
        "html": false,
        "json": true,
        "embeddedScreenshots": true,
        "inlineAssets": false,
        "saveAllAttempts": false
      },
      "version": "6.3.0"
    }
  }
}