{
  "stats": {
    "suites": 1,
    "tests": 4,
    "passes": 4,
    "pending": 0,
    "failures": 0,
    "start": "2025-11-08T15:23:51.421Z",
    "end": "2025-11-08T15:24:14.105Z",
    "duration": 22684,
    "testsRegistered": 4,
    "passPercent": 100,
    "pendingPercent": 0,
    "other": 0,
    "hasOther": false,
    "skipped": 0,
    "hasSkipped": false
  },
  "results": [
    {
      "uuid": "2df3d6f1-8820-432d-be0e-10e5c74ce6b2",
      "title": "",
      "fullFile": "cypress/e2e/Terceros/1. RegistroTercero.cy.js",
      "file": "cypress/e2e/Terceros/1. RegistroTercero.cy.js",
      "beforeHooks": [],
      "afterHooks": [],
      "tests": [],
      "suites": [
        {
          "uuid": "bdc54cbf-f412-46dd-ad69-12b611099749",
          "title": "Terceros - Registro de nuevos terceros",
          "fullFile": "",
          "file": "",
          "beforeHooks": [],
          "afterHooks": [],
          "tests": [
            {
              "title": "Debe registrar un nuevo tercero: Pepito Perez",
              "fullTitle": "Terceros - Registro de nuevos terceros Debe registrar un nuevo tercero: Pepito Perez",
              "timedOut": null,
              "duration": 9884,
              "state": "passed",
              "speed": "medium",
              "pass": true,
              "fail": false,
              "pending": false,
              "context": null,
              "code": "// --- Ir al módulo de Terceros ---\ncy.visit(\"/terceros\");\ncy.url().should(\"include\", \"/terceros\");\n// --- Abrir modal para agregar un nuevo tercero ---\ncy.get('button[data-target=\"#modalAgregarTerceroPuro\"]').click();\ncy.get(\"#modalAgregarTerceroPuro\").should(\"be.visible\");\n// --- Completar formulario ---\ncy.get(\"#categoria\").select(tercero.categoria);\ncy.get(\"#tipo_persona\").select(tercero.tipoPersona);\ncy.get(\"#tipo_iden\").select(tercero.tipoIdentificacion);\ncy.get(\"#num_iden\").clear().type(tercero.numeroIdentificacion);\ncy.get(\"#nombre\").clear().type(tercero.nombre);\ncy.get(\"#correo\").clear().type(tercero.correo);\ncy.get(\"#num_contact\").clear().type(tercero.contacto);\ncy.get(\"#direccion\").clear().type(tercero.direccion);\ncy.get(\"#departamento\").select(tercero.departamento);\ncy.get(\"#ciudad\").select(tercero.ciudad);\n// --- Guardar el tercero ---\ncy.get('#modalAgregarTerceroPuro button[type=\"submit\"].btn.btn-primary').click();\n// --- Validar que el modal desaparezca ---\ncy.get(\"#modalAgregarTerceroPuro\").should(\"not.be.visible\");",
              "err": {},
              "uuid": "45519c89-4e8b-443c-8f9f-d32c9cca95ad",
              "parentUUID": "bdc54cbf-f412-46dd-ad69-12b611099749",
              "isHook": false,
              "skipped": false
            },
            {
              "title": "Debe registrar un nuevo tercero: Proveedor SAS",
              "fullTitle": "Terceros - Registro de nuevos terceros Debe registrar un nuevo tercero: Proveedor SAS",
              "timedOut": null,
              "duration": 4314,
              "state": "passed",
              "speed": "fast",
              "pass": true,
              "fail": false,
              "pending": false,
              "context": null,
              "code": "// --- Ir al módulo de Terceros ---\ncy.visit(\"/terceros\");\ncy.url().should(\"include\", \"/terceros\");\n// --- Abrir modal para agregar un nuevo tercero ---\ncy.get('button[data-target=\"#modalAgregarTerceroPuro\"]').click();\ncy.get(\"#modalAgregarTerceroPuro\").should(\"be.visible\");\n// --- Completar formulario ---\ncy.get(\"#categoria\").select(tercero.categoria);\ncy.get(\"#tipo_persona\").select(tercero.tipoPersona);\ncy.get(\"#tipo_iden\").select(tercero.tipoIdentificacion);\ncy.get(\"#num_iden\").clear().type(tercero.numeroIdentificacion);\ncy.get(\"#nombre\").clear().type(tercero.nombre);\ncy.get(\"#correo\").clear().type(tercero.correo);\ncy.get(\"#num_contact\").clear().type(tercero.contacto);\ncy.get(\"#direccion\").clear().type(tercero.direccion);\ncy.get(\"#departamento\").select(tercero.departamento);\ncy.get(\"#ciudad\").select(tercero.ciudad);\n// --- Guardar el tercero ---\ncy.get('#modalAgregarTerceroPuro button[type=\"submit\"].btn.btn-primary').click();\n// --- Validar que el modal desaparezca ---\ncy.get(\"#modalAgregarTerceroPuro\").should(\"not.be.visible\");",
              "err": {},
              "uuid": "866ace14-3792-4417-b580-3793d65e2abd",
              "parentUUID": "bdc54cbf-f412-46dd-ad69-12b611099749",
              "isHook": false,
              "skipped": false
            },
            {
              "title": "Debe registrar un nuevo tercero: Juan Pérez",
              "fullTitle": "Terceros - Registro de nuevos terceros Debe registrar un nuevo tercero: Juan Pérez",
              "timedOut": null,
              "duration": 4078,
              "state": "passed",
              "speed": "fast",
              "pass": true,
              "fail": false,
              "pending": false,
              "context": null,
              "code": "// --- Ir al módulo de Terceros ---\ncy.visit(\"/terceros\");\ncy.url().should(\"include\", \"/terceros\");\n// --- Abrir modal para agregar un nuevo tercero ---\ncy.get('button[data-target=\"#modalAgregarTerceroPuro\"]').click();\ncy.get(\"#modalAgregarTerceroPuro\").should(\"be.visible\");\n// --- Completar formulario ---\ncy.get(\"#categoria\").select(tercero.categoria);\ncy.get(\"#tipo_persona\").select(tercero.tipoPersona);\ncy.get(\"#tipo_iden\").select(tercero.tipoIdentificacion);\ncy.get(\"#num_iden\").clear().type(tercero.numeroIdentificacion);\ncy.get(\"#nombre\").clear().type(tercero.nombre);\ncy.get(\"#correo\").clear().type(tercero.correo);\ncy.get(\"#num_contact\").clear().type(tercero.contacto);\ncy.get(\"#direccion\").clear().type(tercero.direccion);\ncy.get(\"#departamento\").select(tercero.departamento);\ncy.get(\"#ciudad\").select(tercero.ciudad);\n// --- Guardar el tercero ---\ncy.get('#modalAgregarTerceroPuro button[type=\"submit\"].btn.btn-primary').click();\n// --- Validar que el modal desaparezca ---\ncy.get(\"#modalAgregarTerceroPuro\").should(\"not.be.visible\");",
              "err": {},
              "uuid": "1f694f52-71bd-44bc-97e3-eca8fece31af",
              "parentUUID": "bdc54cbf-f412-46dd-ad69-12b611099749",
              "isHook": false,
              "skipped": false
            },
            {
              "title": "Debe registrar un nuevo tercero: Organización XYZ",
              "fullTitle": "Terceros - Registro de nuevos terceros Debe registrar un nuevo tercero: Organización XYZ",
              "timedOut": null,
              "duration": 4223,
              "state": "passed",
              "speed": "fast",
              "pass": true,
              "fail": false,
              "pending": false,
              "context": null,
              "code": "// --- Ir al módulo de Terceros ---\ncy.visit(\"/terceros\");\ncy.url().should(\"include\", \"/terceros\");\n// --- Abrir modal para agregar un nuevo tercero ---\ncy.get('button[data-target=\"#modalAgregarTerceroPuro\"]').click();\ncy.get(\"#modalAgregarTerceroPuro\").should(\"be.visible\");\n// --- Completar formulario ---\ncy.get(\"#categoria\").select(tercero.categoria);\ncy.get(\"#tipo_persona\").select(tercero.tipoPersona);\ncy.get(\"#tipo_iden\").select(tercero.tipoIdentificacion);\ncy.get(\"#num_iden\").clear().type(tercero.numeroIdentificacion);\ncy.get(\"#nombre\").clear().type(tercero.nombre);\ncy.get(\"#correo\").clear().type(tercero.correo);\ncy.get(\"#num_contact\").clear().type(tercero.contacto);\ncy.get(\"#direccion\").clear().type(tercero.direccion);\ncy.get(\"#departamento\").select(tercero.departamento);\ncy.get(\"#ciudad\").select(tercero.ciudad);\n// --- Guardar el tercero ---\ncy.get('#modalAgregarTerceroPuro button[type=\"submit\"].btn.btn-primary').click();\n// --- Validar que el modal desaparezca ---\ncy.get(\"#modalAgregarTerceroPuro\").should(\"not.be.visible\");",
              "err": {},
              "uuid": "de489828-3fbb-40bb-92ed-71537f97c632",
              "parentUUID": "bdc54cbf-f412-46dd-ad69-12b611099749",
              "isHook": false,
              "skipped": false
            }
          ],
          "suites": [],
          "passes": [
            "45519c89-4e8b-443c-8f9f-d32c9cca95ad",
            "866ace14-3792-4417-b580-3793d65e2abd",
            "1f694f52-71bd-44bc-97e3-eca8fece31af",
            "de489828-3fbb-40bb-92ed-71537f97c632"
          ],
          "failures": [],
          "pending": [],
          "skipped": [],
          "duration": 22499,
          "root": false,
          "rootEmpty": false,
          "_timeout": 2000
        }
      ],
      "passes": [],
      "failures": [],
      "pending": [],
      "skipped": [],
      "duration": 0,
      "root": true,
      "rootEmpty": true,
      "_timeout": 2000
    }
  ],
  "meta": {
    "mocha": {
      "version": "7.2.0"
    },
    "mochawesome": {
      "options": {
        "quiet": false,
        "reportFilename": "mochawesome",
        "saveHtml": false,
        "saveJson": true,
        "consoleReporter": "spec",
        "useInlineDiffs": false,
        "code": true
      },
      "version": "7.1.4"
    },
    "marge": {
      "options": {
        "reportDir": "mochawesome-report/raw",
        "overwrite": false,
        "html": false,
        "json": true,
        "embeddedScreenshots": true,
        "inlineAssets": false,
        "saveAllAttempts": false
      },
      "version": "6.3.0"
    }
  }
}