{
  "stats": {
    "suites": 4,
    "tests": 18,
    "passes": 18,
    "pending": 0,
    "failures": 0,
    "start": "2025-12-06T14:18:56.759Z",
    "end": "2025-12-06T14:21:08.627Z",
    "duration": 131868,
    "testsRegistered": 18,
    "passPercent": 100,
    "pendingPercent": 0,
    "other": 0,
    "hasOther": false,
    "skipped": 0,
    "hasSkipped": false
  },
  "results": [
    {
      "uuid": "b09e56f9-5b9d-4199-910d-d8d034b72d26",
      "title": "",
      "fullFile": "cypress/e2e/Ingresos/RegistroIngreso.cy.js",
      "file": "cypress/e2e/Ingresos/RegistroIngreso.cy.js",
      "beforeHooks": [],
      "afterHooks": [],
      "tests": [],
      "suites": [
        {
          "uuid": "bdb9faf6-72ff-4949-9c07-3c861e0cb0d5",
          "title": "Registro de Ingresos",
          "fullFile": "",
          "file": "",
          "beforeHooks": [],
          "afterHooks": [],
          "tests": [],
          "suites": [
            {
              "uuid": "0c1b77bd-28ba-4700-925b-41fe82644116",
              "title": "Venta de contado",
              "fullFile": "",
              "file": "",
              "beforeHooks": [],
              "afterHooks": [],
              "tests": [
                {
                  "title": "Debe registrar: Contado - sin descuento - IVA no aplica",
                  "fullTitle": "Registro de Ingresos Venta de contado Debe registrar: Contado - sin descuento - IVA no aplica",
                  "timedOut": null,
                  "duration": 11136,
                  "state": "passed",
                  "speed": "slow",
                  "pass": true,
                  "fail": false,
                  "pending": false,
                  "context": null,
                  "code": "registrarIngreso(ingreso);",
                  "err": {},
                  "uuid": "a6aa0b7e-0d65-491f-a979-a1458aed37da",
                  "parentUUID": "0c1b77bd-28ba-4700-925b-41fe82644116",
                  "isHook": false,
                  "skipped": false
                },
                {
                  "title": "Debe registrar: Contado - descuento 10% - IVA 19%",
                  "fullTitle": "Registro de Ingresos Venta de contado Debe registrar: Contado - descuento 10% - IVA 19%",
                  "timedOut": null,
                  "duration": 6495,
                  "state": "passed",
                  "speed": "medium",
                  "pass": true,
                  "fail": false,
                  "pending": false,
                  "context": null,
                  "code": "registrarIngreso(ingreso);",
                  "err": {},
                  "uuid": "242fea2f-f067-4068-b4f5-e7d0d34d5019",
                  "parentUUID": "0c1b77bd-28ba-4700-925b-41fe82644116",
                  "isHook": false,
                  "skipped": false
                },
                {
                  "title": "Debe registrar: Contado - transferencia Nequi - IVA 0%",
                  "fullTitle": "Registro de Ingresos Venta de contado Debe registrar: Contado - transferencia Nequi - IVA 0%",
                  "timedOut": null,
                  "duration": 6644,
                  "state": "passed",
                  "speed": "medium",
                  "pass": true,
                  "fail": false,
                  "pending": false,
                  "context": null,
                  "code": "registrarIngreso(ingreso);",
                  "err": {},
                  "uuid": "dbbd0f50-2e28-46cb-abed-c3e3d8c5795e",
                  "parentUUID": "0c1b77bd-28ba-4700-925b-41fe82644116",
                  "isHook": false,
                  "skipped": false
                },
                {
                  "title": "Debe registrar: Contado - transferencia Bancolombia - IVA 5% - con descuento",
                  "fullTitle": "Registro de Ingresos Venta de contado Debe registrar: Contado - transferencia Bancolombia - IVA 5% - con descuento",
                  "timedOut": null,
                  "duration": 7247,
                  "state": "passed",
                  "speed": "medium",
                  "pass": true,
                  "fail": false,
                  "pending": false,
                  "context": null,
                  "code": "registrarIngreso(ingreso);",
                  "err": {},
                  "uuid": "5fce7c41-142d-4dc8-822b-705541b17eb4",
                  "parentUUID": "0c1b77bd-28ba-4700-925b-41fe82644116",
                  "isHook": false,
                  "skipped": false
                },
                {
                  "title": "Debe registrar: Contado - transferencia Daviplata - IVA 19% - descuento 15%",
                  "fullTitle": "Registro de Ingresos Venta de contado Debe registrar: Contado - transferencia Daviplata - IVA 19% - descuento 15%",
                  "timedOut": null,
                  "duration": 7097,
                  "state": "passed",
                  "speed": "medium",
                  "pass": true,
                  "fail": false,
                  "pending": false,
                  "context": null,
                  "code": "registrarIngreso(ingreso);",
                  "err": {},
                  "uuid": "cb75d18c-942d-459f-98ff-7f3ba38affb3",
                  "parentUUID": "0c1b77bd-28ba-4700-925b-41fe82644116",
                  "isHook": false,
                  "skipped": false
                },
                {
                  "title": "Debe registrar: Contado - pago con tarjeta - IVA 19%",
                  "fullTitle": "Registro de Ingresos Venta de contado Debe registrar: Contado - pago con tarjeta - IVA 19%",
                  "timedOut": null,
                  "duration": 6369,
                  "state": "passed",
                  "speed": "medium",
                  "pass": true,
                  "fail": false,
                  "pending": false,
                  "context": null,
                  "code": "registrarIngreso(ingreso);",
                  "err": {},
                  "uuid": "38a4e51e-d193-4567-862f-e9b0f5f55e5a",
                  "parentUUID": "0c1b77bd-28ba-4700-925b-41fe82644116",
                  "isHook": false,
                  "skipped": false
                }
              ],
              "suites": [],
              "passes": [
                "a6aa0b7e-0d65-491f-a979-a1458aed37da",
                "242fea2f-f067-4068-b4f5-e7d0d34d5019",
                "dbbd0f50-2e28-46cb-abed-c3e3d8c5795e",
                "5fce7c41-142d-4dc8-822b-705541b17eb4",
                "cb75d18c-942d-459f-98ff-7f3ba38affb3",
                "38a4e51e-d193-4567-862f-e9b0f5f55e5a"
              ],
              "failures": [],
              "pending": [],
              "skipped": [],
              "duration": 44988,
              "root": false,
              "rootEmpty": false,
              "_timeout": 2000
            },
            {
              "uuid": "d294e1a7-0470-48ab-99da-da52084d12d7",
              "title": "Venta a crédito",
              "fullFile": "",
              "file": "",
              "beforeHooks": [],
              "afterHooks": [],
              "tests": [
                {
                  "title": "Debe registrar: Crédito - sin abono - plazo 15 - IVA 0%",
                  "fullTitle": "Registro de Ingresos Venta a crédito Debe registrar: Crédito - sin abono - plazo 15 - IVA 0%",
                  "timedOut": null,
                  "duration": 6605,
                  "state": "passed",
                  "speed": "medium",
                  "pass": true,
                  "fail": false,
                  "pending": false,
                  "context": null,
                  "code": "registrarIngreso(ingreso);",
                  "err": {},
                  "uuid": "a9da3bd5-b802-489f-a0b5-b39905816c00",
                  "parentUUID": "d294e1a7-0470-48ab-99da-da52084d12d7",
                  "isHook": false,
                  "skipped": false
                },
                {
                  "title": "Debe registrar: Crédito - abono parcial 25k - plazo 30 - IVA 19%",
                  "fullTitle": "Registro de Ingresos Venta a crédito Debe registrar: Crédito - abono parcial 25k - plazo 30 - IVA 19%",
                  "timedOut": null,
                  "duration": 7260,
                  "state": "passed",
                  "speed": "medium",
                  "pass": true,
                  "fail": false,
                  "pending": false,
                  "context": null,
                  "code": "registrarIngreso(ingreso);",
                  "err": {},
                  "uuid": "9fc79958-c594-4021-8e1f-14b52f63bbaa",
                  "parentUUID": "d294e1a7-0470-48ab-99da-da52084d12d7",
                  "isHook": false,
                  "skipped": false
                },
                {
                  "title": "Debe registrar: Crédito - abono 50k - plazo 30 - IVA 0%",
                  "fullTitle": "Registro de Ingresos Venta a crédito Debe registrar: Crédito - abono 50k - plazo 30 - IVA 0%",
                  "timedOut": null,
                  "duration": 7277,
                  "state": "passed",
                  "speed": "medium",
                  "pass": true,
                  "fail": false,
                  "pending": false,
                  "context": null,
                  "code": "registrarIngreso(ingreso);",
                  "err": {},
                  "uuid": "bff2c4af-a8d9-45bd-aae9-e1918c34b53d",
                  "parentUUID": "d294e1a7-0470-48ab-99da-da52084d12d7",
                  "isHook": false,
                  "skipped": false
                },
                {
                  "title": "Debe registrar: Crédito - abono 10k - plazo 15 - IVA 19% - descuento 10%",
                  "fullTitle": "Registro de Ingresos Venta a crédito Debe registrar: Crédito - abono 10k - plazo 15 - IVA 19% - descuento 10%",
                  "timedOut": null,
                  "duration": 8033,
                  "state": "passed",
                  "speed": "medium",
                  "pass": true,
                  "fail": false,
                  "pending": false,
                  "context": null,
                  "code": "registrarIngreso(ingreso);",
                  "err": {},
                  "uuid": "e9f7974f-8d53-41f3-93db-c2725f5ec54c",
                  "parentUUID": "d294e1a7-0470-48ab-99da-da52084d12d7",
                  "isHook": false,
                  "skipped": false
                },
                {
                  "title": "Debe registrar: Crédito - abono grande - plazo 30 - IVA 19%",
                  "fullTitle": "Registro de Ingresos Venta a crédito Debe registrar: Crédito - abono grande - plazo 30 - IVA 19%",
                  "timedOut": null,
                  "duration": 7050,
                  "state": "passed",
                  "speed": "medium",
                  "pass": true,
                  "fail": false,
                  "pending": false,
                  "context": null,
                  "code": "registrarIngreso(ingreso);",
                  "err": {},
                  "uuid": "e95f8df5-9f31-442b-97bc-f0a1a6e25606",
                  "parentUUID": "d294e1a7-0470-48ab-99da-da52084d12d7",
                  "isHook": false,
                  "skipped": false
                },
                {
                  "title": "Debe registrar: Crédito - pago con tarjeta - sin abono - plazo 15",
                  "fullTitle": "Registro de Ingresos Venta a crédito Debe registrar: Crédito - pago con tarjeta - sin abono - plazo 15",
                  "timedOut": null,
                  "duration": 7181,
                  "state": "passed",
                  "speed": "medium",
                  "pass": true,
                  "fail": false,
                  "pending": false,
                  "context": null,
                  "code": "registrarIngreso(ingreso);",
                  "err": {},
                  "uuid": "77e36783-6c23-48ad-ae3b-5687bef594f1",
                  "parentUUID": "d294e1a7-0470-48ab-99da-da52084d12d7",
                  "isHook": false,
                  "skipped": false
                }
              ],
              "suites": [],
              "passes": [
                "a9da3bd5-b802-489f-a0b5-b39905816c00",
                "9fc79958-c594-4021-8e1f-14b52f63bbaa",
                "bff2c4af-a8d9-45bd-aae9-e1918c34b53d",
                "e9f7974f-8d53-41f3-93db-c2725f5ec54c",
                "e95f8df5-9f31-442b-97bc-f0a1a6e25606",
                "77e36783-6c23-48ad-ae3b-5687bef594f1"
              ],
              "failures": [],
              "pending": [],
              "skipped": [],
              "duration": 43406,
              "root": false,
              "rootEmpty": false,
              "_timeout": 2000
            },
            {
              "uuid": "1d276332-b8b4-4be4-841f-6e04695aaf9b",
              "title": "Otros ingresos",
              "fullFile": "",
              "file": "",
              "beforeHooks": [],
              "afterHooks": [],
              "tests": [
                {
                  "title": "Debe registrar: Otros - IVA 0%",
                  "fullTitle": "Registro de Ingresos Otros ingresos Debe registrar: Otros - IVA 0%",
                  "timedOut": null,
                  "duration": 6640,
                  "state": "passed",
                  "speed": "medium",
                  "pass": true,
                  "fail": false,
                  "pending": false,
                  "context": null,
                  "code": "registrarIngreso(ingreso);",
                  "err": {},
                  "uuid": "657fc9d8-4435-4d4a-a363-da78898dfe13",
                  "parentUUID": "1d276332-b8b4-4be4-841f-6e04695aaf9b",
                  "isHook": false,
                  "skipped": false
                },
                {
                  "title": "Debe registrar: Otros - IVA 19%",
                  "fullTitle": "Registro de Ingresos Otros ingresos Debe registrar: Otros - IVA 19%",
                  "timedOut": null,
                  "duration": 6718,
                  "state": "passed",
                  "speed": "medium",
                  "pass": true,
                  "fail": false,
                  "pending": false,
                  "context": null,
                  "code": "registrarIngreso(ingreso);",
                  "err": {},
                  "uuid": "aeed68f4-00c8-4c5f-ab2d-08e530ba8caa",
                  "parentUUID": "1d276332-b8b4-4be4-841f-6e04695aaf9b",
                  "isHook": false,
                  "skipped": false
                },
                {
                  "title": "Debe registrar: Otros - transferencia Bancolombia - IVA 19% - descuento 5%",
                  "fullTitle": "Registro de Ingresos Otros ingresos Debe registrar: Otros - transferencia Bancolombia - IVA 19% - descuento 5%",
                  "timedOut": null,
                  "duration": 7842,
                  "state": "passed",
                  "speed": "medium",
                  "pass": true,
                  "fail": false,
                  "pending": false,
                  "context": null,
                  "code": "registrarIngreso(ingreso);",
                  "err": {},
                  "uuid": "4b976050-7391-45ec-b0ce-7f80f2c5772a",
                  "parentUUID": "1d276332-b8b4-4be4-841f-6e04695aaf9b",
                  "isHook": false,
                  "skipped": false
                },
                {
                  "title": "Debe registrar: Otros - transferencia Nequi - IVA 5%",
                  "fullTitle": "Registro de Ingresos Otros ingresos Debe registrar: Otros - transferencia Nequi - IVA 5%",
                  "timedOut": null,
                  "duration": 7241,
                  "state": "passed",
                  "speed": "medium",
                  "pass": true,
                  "fail": false,
                  "pending": false,
                  "context": null,
                  "code": "registrarIngreso(ingreso);",
                  "err": {},
                  "uuid": "b1ef8f9d-1ef1-41aa-a4c3-b645fd4cb504",
                  "parentUUID": "1d276332-b8b4-4be4-841f-6e04695aaf9b",
                  "isHook": false,
                  "skipped": false
                },
                {
                  "title": "Debe registrar: Otros - transferencia Daviplata - IVA 0%",
                  "fullTitle": "Registro de Ingresos Otros ingresos Debe registrar: Otros - transferencia Daviplata - IVA 0%",
                  "timedOut": null,
                  "duration": 7037,
                  "state": "passed",
                  "speed": "medium",
                  "pass": true,
                  "fail": false,
                  "pending": false,
                  "context": null,
                  "code": "registrarIngreso(ingreso);",
                  "err": {},
                  "uuid": "ac133818-b576-4882-8ba0-607cd64390e1",
                  "parentUUID": "1d276332-b8b4-4be4-841f-6e04695aaf9b",
                  "isHook": false,
                  "skipped": false
                },
                {
                  "title": "Debe registrar: Otros - transferencia Bancolombia - IVA 0%",
                  "fullTitle": "Registro de Ingresos Otros ingresos Debe registrar: Otros - transferencia Bancolombia - IVA 0%",
                  "timedOut": null,
                  "duration": 7278,
                  "state": "passed",
                  "speed": "medium",
                  "pass": true,
                  "fail": false,
                  "pending": false,
                  "context": null,
                  "code": "registrarIngreso(ingreso);",
                  "err": {},
                  "uuid": "151b7e58-7ab6-434b-9e04-19a589540bfb",
                  "parentUUID": "1d276332-b8b4-4be4-841f-6e04695aaf9b",
                  "isHook": false,
                  "skipped": false
                }
              ],
              "suites": [],
              "passes": [
                "657fc9d8-4435-4d4a-a363-da78898dfe13",
                "aeed68f4-00c8-4c5f-ab2d-08e530ba8caa",
                "4b976050-7391-45ec-b0ce-7f80f2c5772a",
                "b1ef8f9d-1ef1-41aa-a4c3-b645fd4cb504",
                "ac133818-b576-4882-8ba0-607cd64390e1",
                "151b7e58-7ab6-434b-9e04-19a589540bfb"
              ],
              "failures": [],
              "pending": [],
              "skipped": [],
              "duration": 42756,
              "root": false,
              "rootEmpty": false,
              "_timeout": 2000
            }
          ],
          "passes": [],
          "failures": [],
          "pending": [],
          "skipped": [],
          "duration": 0,
          "root": false,
          "rootEmpty": false,
          "_timeout": 2000
        }
      ],
      "passes": [],
      "failures": [],
      "pending": [],
      "skipped": [],
      "duration": 0,
      "root": true,
      "rootEmpty": true,
      "_timeout": 2000
    }
  ],
  "meta": {
    "mocha": {
      "version": "7.2.0"
    },
    "mochawesome": {
      "options": {
        "quiet": false,
        "reportFilename": "mochawesome",
        "saveHtml": false,
        "saveJson": true,
        "consoleReporter": "spec",
        "useInlineDiffs": false,
        "code": true
      },
      "version": "7.1.4"
    },
    "marge": {
      "options": {
        "reportDir": "mochawesome-report/raw",
        "overwrite": false,
        "html": false,
        "json": true,
        "embeddedScreenshots": true,
        "inlineAssets": false,
        "saveAllAttempts": false
      },
      "version": "6.3.0"
    }
  }
}