{
  "stats": {
    "suites": 1,
    "tests": 2,
    "passes": 1,
    "pending": 0,
    "failures": 1,
    "start": "2025-12-06T14:18:00.982Z",
    "end": "2025-12-06T14:18:20.774Z",
    "duration": 19792,
    "testsRegistered": 2,
    "passPercent": 50,
    "pendingPercent": 0,
    "other": 0,
    "hasOther": false,
    "skipped": 0,
    "hasSkipped": false
  },
  "results": [
    {
      "uuid": "d38e8437-bc44-4fdf-9f4b-55c3a905a8ea",
      "title": "",
      "fullFile": "cypress/e2e/Ingresos/Gestionar2CotizacionesEditar.cy.js",
      "file": "cypress/e2e/Ingresos/Gestionar2CotizacionesEditar.cy.js",
      "beforeHooks": [],
      "afterHooks": [],
      "tests": [],
      "suites": [
        {
          "uuid": "8a32fb23-104c-4bcd-bce9-88a04336a9b6",
          "title": "Ingresos - Editar Cotización",
          "fullFile": "",
          "file": "",
          "beforeHooks": [],
          "afterHooks": [],
          "tests": [
            {
              "title": "Editar cotización 1 para Cliente A",
              "fullTitle": "Ingresos - Editar Cotización Editar cotización 1 para Cliente A",
              "timedOut": null,
              "duration": 16314,
              "state": "failed",
              "speed": null,
              "pass": false,
              "fail": true,
              "pending": false,
              "context": null,
              "code": "// --- ABRIR MODAL DE EDICIÓN ---\ncy.get('button[onclick^=\"abrirModalEditarCotizacion\"]').eq(index).click();\ncy.get(\"#modalEditarCotizacion\").should(\"be.visible\");\n// --- EDITAR CAMPOS ---\ncy.get('#modalEditarCotizacion input[name=\"cliente\"]').clear().type(escenario.cliente);\ncy.get('#modalEditarCotizacion input[name=\"descripcion\"]').clear().type(escenario.descripcion);\n// Producto: dropdown custom\ncy.get(\"#modalEditarCotizacion .cotizacion-select-input\").click();\ncy.get(`#modalEditarCotizacion .cotizacion-select-option[data-codigo=\"${escenario.producto}\"]`).click({\n  force: true\n});\ncy.get('#modalEditarCotizacion input[name=\"productosCotizacion[1][descripcion]\"]').clear().type(escenario.productoDescripcion);\ncy.get('#modalEditarCotizacion input[name=\"productosCotizacion[1][cantidad]\"]').clear().type(escenario.cantidad);\ncy.get('#modalEditarCotizacion input[name=\"productosCotizacion[1][descuento]\"]').clear().type(escenario.descuento);\ncy.get('#modalEditarCotizacion select[name=\"productosCotizacion[1][iva]\"]').select(escenario.iva);\n// --- GUARDAR CAMBIOS ---\ncy.get(\"#modalEditarCotizacion div.modal-footer.bg-light\").contains(\"Actualizar Cotización\").click();\n// Esperar que el modal de edición se oculte (no visible)\ncy.get(\"#modalEditarCotizacion\", {\n  timeout: 10000\n}).should(\"not.be.visible\");",
              "err": {
                "message": "AssertionError: Timed out retrying after 10000ms: Expected to find element: `#modalEditarCotizacion .cotizacion-select-option[data-codigo=\"PR577\"]`, but never found it.",
                "estack": "AssertionError: Timed out retrying after 10000ms: Expected to find element: `#modalEditarCotizacion .cotizacion-select-option[data-codigo=\"PR577\"]`, but never found it.\n    at Context.eval (webpack:///./cypress/e2e/Ingresos/Gestionar2CotizacionesEditar.cy.js:48:15)",
                "diff": null
              },
              "uuid": "8b1b4148-fba6-4937-b2b6-07c95ad99aef",
              "parentUUID": "8a32fb23-104c-4bcd-bce9-88a04336a9b6",
              "isHook": false,
              "skipped": false
            },
            {
              "title": "Editar cotización 2 para Cliente B",
              "fullTitle": "Ingresos - Editar Cotización Editar cotización 2 para Cliente B",
              "timedOut": null,
              "duration": 3308,
              "state": "passed",
              "speed": "fast",
              "pass": true,
              "fail": false,
              "pending": false,
              "context": null,
              "code": "// --- ABRIR MODAL DE EDICIÓN ---\ncy.get('button[onclick^=\"abrirModalEditarCotizacion\"]').eq(index).click();\ncy.get(\"#modalEditarCotizacion\").should(\"be.visible\");\n// --- EDITAR CAMPOS ---\ncy.get('#modalEditarCotizacion input[name=\"cliente\"]').clear().type(escenario.cliente);\ncy.get('#modalEditarCotizacion input[name=\"descripcion\"]').clear().type(escenario.descripcion);\n// Producto: dropdown custom\ncy.get(\"#modalEditarCotizacion .cotizacion-select-input\").click();\ncy.get(`#modalEditarCotizacion .cotizacion-select-option[data-codigo=\"${escenario.producto}\"]`).click({\n  force: true\n});\ncy.get('#modalEditarCotizacion input[name=\"productosCotizacion[1][descripcion]\"]').clear().type(escenario.productoDescripcion);\ncy.get('#modalEditarCotizacion input[name=\"productosCotizacion[1][cantidad]\"]').clear().type(escenario.cantidad);\ncy.get('#modalEditarCotizacion input[name=\"productosCotizacion[1][descuento]\"]').clear().type(escenario.descuento);\ncy.get('#modalEditarCotizacion select[name=\"productosCotizacion[1][iva]\"]').select(escenario.iva);\n// --- GUARDAR CAMBIOS ---\ncy.get(\"#modalEditarCotizacion div.modal-footer.bg-light\").contains(\"Actualizar Cotización\").click();\n// Esperar que el modal de edición se oculte (no visible)\ncy.get(\"#modalEditarCotizacion\", {\n  timeout: 10000\n}).should(\"not.be.visible\");",
              "err": {},
              "uuid": "6502d773-7416-433e-8651-2f3aeab6b6ba",
              "parentUUID": "8a32fb23-104c-4bcd-bce9-88a04336a9b6",
              "isHook": false,
              "skipped": false
            }
          ],
          "suites": [],
          "passes": [
            "6502d773-7416-433e-8651-2f3aeab6b6ba"
          ],
          "failures": [
            "8b1b4148-fba6-4937-b2b6-07c95ad99aef"
          ],
          "pending": [],
          "skipped": [],
          "duration": 19622,
          "root": false,
          "rootEmpty": false,
          "_timeout": 2000
        }
      ],
      "passes": [],
      "failures": [],
      "pending": [],
      "skipped": [],
      "duration": 0,
      "root": true,
      "rootEmpty": true,
      "_timeout": 2000
    }
  ],
  "meta": {
    "mocha": {
      "version": "7.2.0"
    },
    "mochawesome": {
      "options": {
        "quiet": false,
        "reportFilename": "mochawesome",
        "saveHtml": false,
        "saveJson": true,
        "consoleReporter": "spec",
        "useInlineDiffs": false,
        "code": true
      },
      "version": "7.1.4"
    },
    "marge": {
      "options": {
        "reportDir": "mochawesome-report/raw",
        "overwrite": false,
        "html": false,
        "json": true,
        "embeddedScreenshots": true,
        "inlineAssets": false,
        "saveAllAttempts": false
      },
      "version": "6.3.0"
    }
  }
}