{
  "stats": {
    "suites": 1,
    "tests": 2,
    "passes": 2,
    "pending": 0,
    "failures": 0,
    "start": "2025-10-24T15:16:10.249Z",
    "end": "2025-10-24T15:16:23.061Z",
    "duration": 12812,
    "testsRegistered": 2,
    "passPercent": 100,
    "pendingPercent": 0,
    "other": 0,
    "hasOther": false,
    "skipped": 0,
    "hasSkipped": false
  },
  "results": [
    {
      "uuid": "8c501b17-6ccd-470e-b8a0-483ea68e4482",
      "title": "",
      "fullFile": "cypress/e2e/Productos/ModificacionInventario.cy.js",
      "file": "cypress/e2e/Productos/ModificacionInventario.cy.js",
      "beforeHooks": [],
      "afterHooks": [],
      "tests": [],
      "suites": [
        {
          "uuid": "612c6fee-d07f-46fd-bc80-9591599a0340",
          "title": "Modificación de Inventario",
          "fullFile": "",
          "file": "",
          "beforeHooks": [],
          "afterHooks": [],
          "tests": [
            {
              "title": "Debe modificar el inventario del segundo producto: aumenta",
              "fullTitle": "Modificación de Inventario Debe modificar el inventario del segundo producto: aumenta",
              "timedOut": null,
              "duration": 7972,
              "state": "passed",
              "speed": "medium",
              "pass": true,
              "fail": false,
              "pending": false,
              "context": null,
              "code": "// --- Ir al módulo de Inventario ---\ncy.visit(\"/inventario\");\ncy.url().should(\"include\", \"/inventario\");\n// --- Seleccionar la segunda fila de la tabla por clase y abrir modal de edición ---\ncy.get('button[data-original-title=\"Editar inventario\"]').eq(1).click();\n// --- Completar el modal de edición ---\ncy.get(\"#modalAjusteInventario\").should(\"be.visible\").within(() => {\n  const responsable = \"Andres Perez\";\n  cy.get('input[name=\"responsable\"]').clear().type(responsable);\n  cy.get(\"select#tipoAjuste\").select(escenario.tipoAjuste);\n  cy.get('input[name=\"cantidad\"]').clear().type(escenario.cantidad);\n  cy.get('input[name=\"precio\"]').clear().type(escenario.precio);\n  cy.get('textarea[name=\"observaciones\"]').clear().type(escenario.observaciones);\n  // --- Guardar cambios ---\n  cy.get('button[type=\"submit\"].btn.btn-primary').click();\n});\n// --- Validar que el modal se cerró ---\ncy.get(\"#modalAjusteInventario\").should(\"not.be.visible\");",
              "err": {},
              "uuid": "113c8ca5-a9b9-4b9f-8135-0207da64875b",
              "parentUUID": "612c6fee-d07f-46fd-bc80-9591599a0340",
              "isHook": false,
              "skipped": false
            },
            {
              "title": "Debe modificar el inventario del segundo producto: disminuye",
              "fullTitle": "Modificación de Inventario Debe modificar el inventario del segundo producto: disminuye",
              "timedOut": null,
              "duration": 4691,
              "state": "passed",
              "speed": "fast",
              "pass": true,
              "fail": false,
              "pending": false,
              "context": null,
              "code": "// --- Ir al módulo de Inventario ---\ncy.visit(\"/inventario\");\ncy.url().should(\"include\", \"/inventario\");\n// --- Seleccionar la segunda fila de la tabla por clase y abrir modal de edición ---\ncy.get('button[data-original-title=\"Editar inventario\"]').eq(1).click();\n// --- Completar el modal de edición ---\ncy.get(\"#modalAjusteInventario\").should(\"be.visible\").within(() => {\n  const responsable = \"Andres Perez\";\n  cy.get('input[name=\"responsable\"]').clear().type(responsable);\n  cy.get(\"select#tipoAjuste\").select(escenario.tipoAjuste);\n  cy.get('input[name=\"cantidad\"]').clear().type(escenario.cantidad);\n  cy.get('input[name=\"precio\"]').clear().type(escenario.precio);\n  cy.get('textarea[name=\"observaciones\"]').clear().type(escenario.observaciones);\n  // --- Guardar cambios ---\n  cy.get('button[type=\"submit\"].btn.btn-primary').click();\n});\n// --- Validar que el modal se cerró ---\ncy.get(\"#modalAjusteInventario\").should(\"not.be.visible\");",
              "err": {},
              "uuid": "3033d8ff-9e9d-48f9-a8d5-f79cbfe39dd6",
              "parentUUID": "612c6fee-d07f-46fd-bc80-9591599a0340",
              "isHook": false,
              "skipped": false
            }
          ],
          "suites": [],
          "passes": [
            "113c8ca5-a9b9-4b9f-8135-0207da64875b",
            "3033d8ff-9e9d-48f9-a8d5-f79cbfe39dd6"
          ],
          "failures": [],
          "pending": [],
          "skipped": [],
          "duration": 12663,
          "root": false,
          "rootEmpty": false,
          "_timeout": 2000
        }
      ],
      "passes": [],
      "failures": [],
      "pending": [],
      "skipped": [],
      "duration": 0,
      "root": true,
      "rootEmpty": true,
      "_timeout": 2000
    }
  ],
  "meta": {
    "mocha": {
      "version": "7.2.0"
    },
    "mochawesome": {
      "options": {
        "quiet": false,
        "reportFilename": "mochawesome",
        "saveHtml": false,
        "saveJson": true,
        "consoleReporter": "spec",
        "useInlineDiffs": false,
        "code": true
      },
      "version": "7.1.4"
    },
    "marge": {
      "options": {
        "reportDir": "mochawesome-report/raw",
        "overwrite": false,
        "html": false,
        "json": true,
        "embeddedScreenshots": true,
        "inlineAssets": false,
        "saveAllAttempts": false
      },
      "version": "6.3.0"
    }
  }
}