{
  "stats": {
    "suites": 3,
    "tests": 4,
    "passes": 4,
    "pending": 0,
    "failures": 0,
    "start": "2025-12-06T14:23:03.706Z",
    "end": "2025-12-06T14:23:24.708Z",
    "duration": 21002,
    "testsRegistered": 4,
    "passPercent": 100,
    "pendingPercent": 0,
    "other": 0,
    "hasOther": false,
    "skipped": 0,
    "hasSkipped": false
  },
  "results": [
    {
      "uuid": "561eb538-f841-413e-8d3f-f839185d049e",
      "title": "",
      "fullFile": "cypress/e2e/Reportes/1. ventas.cy.js",
      "file": "cypress/e2e/Reportes/1. ventas.cy.js",
      "beforeHooks": [],
      "afterHooks": [],
      "tests": [],
      "suites": [
        {
          "uuid": "2da6a216-6a6e-4fe2-96c3-4b779cb4dd3a",
          "title": "Reportes - Ventas (Beta)",
          "fullFile": "",
          "file": "",
          "beforeHooks": [],
          "afterHooks": [],
          "tests": [
            {
              "title": "Debe estar en el tab de Ventas",
              "fullTitle": "Reportes - Ventas (Beta) Debe estar en el tab de Ventas",
              "timedOut": null,
              "duration": 4885,
              "state": "passed",
              "speed": "fast",
              "pass": true,
              "fail": false,
              "pending": false,
              "context": null,
              "code": "cy.get(\"#ventas-tab\").should(\"exist\").and(\"have.class\", \"active\");",
              "err": {},
              "uuid": "52626223-8dcd-4de6-93b0-1f8414eb448c",
              "parentUUID": "2da6a216-6a6e-4fe2-96c3-4b779cb4dd3a",
              "isHook": false,
              "skipped": false
            }
          ],
          "suites": [
            {
              "uuid": "6c9e0d98-7012-4f5b-8d5b-ee9f8aa7716c",
              "title": "Generar Libro de Ventas",
              "fullFile": "",
              "file": "",
              "beforeHooks": [],
              "afterHooks": [],
              "tests": [
                {
                  "title": "Debe generar Libro de Ventas por fecha",
                  "fullTitle": "Reportes - Ventas (Beta) Generar Libro de Ventas Debe generar Libro de Ventas por fecha",
                  "timedOut": null,
                  "duration": 7063,
                  "state": "passed",
                  "speed": "medium",
                  "pass": true,
                  "fail": false,
                  "pending": false,
                  "context": null,
                  "code": "// Abrir el modal del reporte\ncy.get(`[data-target='${reporte.dataTarget}']`).click();\ncy.wait(500);\n// Trabajar dentro del modal visible\ncy.get(\".modal.show\").should(\"be.visible\").within(() => {\n  // Solo usar mostrarFiltro si aplica\n  if (escenario.tieneFiltro) {\n    cy.get(`[onclick=\"mostrarFiltro('${escenario.tipo}')\"]`, {\n      timeout: 3000\n    }).click({\n      force: true\n    });\n  }\n  // Llenar campos del escenario\n  escenario.filtros.forEach(filtro => {\n    cy.get(filtro.id).should(\"be.visible\").clear().type(filtro.valor);\n  });\n  // Generar PDF y XLS\n  cy.get(\"button[value='pdf']\").should(\"be.visible\").click();\n  cy.wait(800);\n  cy.get(\"button[value='xls']\").should(\"be.visible\").click();\n  cy.wait(800);\n  // Cerrar el modal\n  cy.get(\"button[aria-label='Close']\").should(\"be.visible\").click({\n    force: true\n  });\n});\n// Verificar que el modal ya no esté visible\ncy.get(\".modal.show\").should(\"not.exist\");",
                  "err": {},
                  "uuid": "e857522e-8c7f-48e4-a1a9-0a1850e270a5",
                  "parentUUID": "6c9e0d98-7012-4f5b-8d5b-ee9f8aa7716c",
                  "isHook": false,
                  "skipped": false
                },
                {
                  "title": "Debe generar Libro de Ventas por registro",
                  "fullTitle": "Reportes - Ventas (Beta) Generar Libro de Ventas Debe generar Libro de Ventas por registro",
                  "timedOut": null,
                  "duration": 4777,
                  "state": "passed",
                  "speed": "fast",
                  "pass": true,
                  "fail": false,
                  "pending": false,
                  "context": null,
                  "code": "// Abrir el modal del reporte\ncy.get(`[data-target='${reporte.dataTarget}']`).click();\ncy.wait(500);\n// Trabajar dentro del modal visible\ncy.get(\".modal.show\").should(\"be.visible\").within(() => {\n  // Solo usar mostrarFiltro si aplica\n  if (escenario.tieneFiltro) {\n    cy.get(`[onclick=\"mostrarFiltro('${escenario.tipo}')\"]`, {\n      timeout: 3000\n    }).click({\n      force: true\n    });\n  }\n  // Llenar campos del escenario\n  escenario.filtros.forEach(filtro => {\n    cy.get(filtro.id).should(\"be.visible\").clear().type(filtro.valor);\n  });\n  // Generar PDF y XLS\n  cy.get(\"button[value='pdf']\").should(\"be.visible\").click();\n  cy.wait(800);\n  cy.get(\"button[value='xls']\").should(\"be.visible\").click();\n  cy.wait(800);\n  // Cerrar el modal\n  cy.get(\"button[aria-label='Close']\").should(\"be.visible\").click({\n    force: true\n  });\n});\n// Verificar que el modal ya no esté visible\ncy.get(\".modal.show\").should(\"not.exist\");",
                  "err": {},
                  "uuid": "c882dfc6-8f1c-426e-a263-a55d56cad903",
                  "parentUUID": "6c9e0d98-7012-4f5b-8d5b-ee9f8aa7716c",
                  "isHook": false,
                  "skipped": false
                }
              ],
              "suites": [],
              "passes": [
                "e857522e-8c7f-48e4-a1a9-0a1850e270a5",
                "c882dfc6-8f1c-426e-a263-a55d56cad903"
              ],
              "failures": [],
              "pending": [],
              "skipped": [],
              "duration": 11840,
              "root": false,
              "rootEmpty": false,
              "_timeout": 2000
            },
            {
              "uuid": "dca10a82-92c2-4a64-b845-4eda444fdf05",
              "title": "Generar Reporte de Productos Más Vendidos",
              "fullFile": "",
              "file": "",
              "beforeHooks": [],
              "afterHooks": [],
              "tests": [
                {
                  "title": "Debe generar Reporte de Productos Más Vendidos por fecha",
                  "fullTitle": "Reportes - Ventas (Beta) Generar Reporte de Productos Más Vendidos Debe generar Reporte de Productos Más Vendidos por fecha",
                  "timedOut": null,
                  "duration": 4148,
                  "state": "passed",
                  "speed": "fast",
                  "pass": true,
                  "fail": false,
                  "pending": false,
                  "context": null,
                  "code": "// Abrir el modal del reporte\ncy.get(`[data-target='${reporte.dataTarget}']`).click();\ncy.wait(500);\n// Trabajar dentro del modal visible\ncy.get(\".modal.show\").should(\"be.visible\").within(() => {\n  // Solo usar mostrarFiltro si aplica\n  if (escenario.tieneFiltro) {\n    cy.get(`[onclick=\"mostrarFiltro('${escenario.tipo}')\"]`, {\n      timeout: 3000\n    }).click({\n      force: true\n    });\n  }\n  // Llenar campos del escenario\n  escenario.filtros.forEach(filtro => {\n    cy.get(filtro.id).should(\"be.visible\").clear().type(filtro.valor);\n  });\n  // Generar PDF y XLS\n  cy.get(\"button[value='pdf']\").should(\"be.visible\").click();\n  cy.wait(800);\n  cy.get(\"button[value='xls']\").should(\"be.visible\").click();\n  cy.wait(800);\n  // Cerrar el modal\n  cy.get(\"button[aria-label='Close']\").should(\"be.visible\").click({\n    force: true\n  });\n});\n// Verificar que el modal ya no esté visible\ncy.get(\".modal.show\").should(\"not.exist\");",
                  "err": {},
                  "uuid": "18c35c67-81c1-4e15-9f12-078733b0cddd",
                  "parentUUID": "dca10a82-92c2-4a64-b845-4eda444fdf05",
                  "isHook": false,
                  "skipped": false
                }
              ],
              "suites": [],
              "passes": [
                "18c35c67-81c1-4e15-9f12-078733b0cddd"
              ],
              "failures": [],
              "pending": [],
              "skipped": [],
              "duration": 4148,
              "root": false,
              "rootEmpty": false,
              "_timeout": 2000
            }
          ],
          "passes": [
            "52626223-8dcd-4de6-93b0-1f8414eb448c"
          ],
          "failures": [],
          "pending": [],
          "skipped": [],
          "duration": 4885,
          "root": false,
          "rootEmpty": false,
          "_timeout": 2000
        }
      ],
      "passes": [],
      "failures": [],
      "pending": [],
      "skipped": [],
      "duration": 0,
      "root": true,
      "rootEmpty": true,
      "_timeout": 2000
    }
  ],
  "meta": {
    "mocha": {
      "version": "7.2.0"
    },
    "mochawesome": {
      "options": {
        "quiet": false,
        "reportFilename": "mochawesome",
        "saveHtml": false,
        "saveJson": true,
        "consoleReporter": "spec",
        "useInlineDiffs": false,
        "code": true
      },
      "version": "7.1.4"
    },
    "marge": {
      "options": {
        "reportDir": "mochawesome-report/raw",
        "overwrite": false,
        "html": false,
        "json": true,
        "embeddedScreenshots": true,
        "inlineAssets": false,
        "saveAllAttempts": false
      },
      "version": "6.3.0"
    }
  }
}