{
  "stats": {
    "suites": 1,
    "tests": 1,
    "passes": 1,
    "pending": 0,
    "failures": 0,
    "start": "2025-10-24T15:12:49.656Z",
    "end": "2025-10-24T15:12:56.279Z",
    "duration": 6623,
    "testsRegistered": 1,
    "passPercent": 100,
    "pendingPercent": 0,
    "other": 0,
    "hasOther": false,
    "skipped": 0,
    "hasSkipped": false
  },
  "results": [
    {
      "uuid": "ad63ab12-d5b0-4686-a06e-2f9d0225d11f",
      "title": "",
      "fullFile": "cypress/e2e/Ingresos/HistorialAbonos.cy.js",
      "file": "cypress/e2e/Ingresos/HistorialAbonos.cy.js",
      "beforeHooks": [],
      "afterHooks": [],
      "tests": [],
      "suites": [
        {
          "uuid": "5592c8ce-95a5-4962-a059-456d135209c7",
          "title": "Cuentas por cobrar - Ver historial de abonos",
          "fullFile": "",
          "file": "",
          "beforeHooks": [],
          "afterHooks": [],
          "tests": [
            {
              "title": "Debe abrir el historial de abonos",
              "fullTitle": "Cuentas por cobrar - Ver historial de abonos Debe abrir el historial de abonos",
              "timedOut": null,
              "duration": 6572,
              "state": "passed",
              "speed": "medium",
              "pass": true,
              "fail": false,
              "pending": false,
              "context": null,
              "code": "// --- Ir al módulo de Cuentas por cobrar ---\ncy.visit(\"/cuentaspagar\");\n// --- Abrir la primera fila de la tabla ---\ncy.get(\"td.dtr-control.sorting_1\").first().click();\n// --- Abrir modal de historial ---\ncy.get('button[onclick^=\"abrirHistorial\"]', {\n  timeout: 10000\n}).should(\"be.visible\").first().click();\n// --- Verificar que se muestra el modal ---\ncy.get(\".modal-dialog.modal-lg:visible\").should(\"be.visible\");",
              "err": {},
              "uuid": "9ffb0d6d-09a5-4076-9112-48efbe1dc59f",
              "parentUUID": "5592c8ce-95a5-4962-a059-456d135209c7",
              "isHook": false,
              "skipped": false
            }
          ],
          "suites": [],
          "passes": [
            "9ffb0d6d-09a5-4076-9112-48efbe1dc59f"
          ],
          "failures": [],
          "pending": [],
          "skipped": [],
          "duration": 6572,
          "root": false,
          "rootEmpty": false,
          "_timeout": 2000
        }
      ],
      "passes": [],
      "failures": [],
      "pending": [],
      "skipped": [],
      "duration": 0,
      "root": true,
      "rootEmpty": true,
      "_timeout": 2000
    }
  ],
  "meta": {
    "mocha": {
      "version": "7.2.0"
    },
    "mochawesome": {
      "options": {
        "quiet": false,
        "reportFilename": "mochawesome",
        "saveHtml": false,
        "saveJson": true,
        "consoleReporter": "spec",
        "useInlineDiffs": false,
        "code": true
      },
      "version": "7.1.4"
    },
    "marge": {
      "options": {
        "reportDir": "mochawesome-report/raw",
        "overwrite": false,
        "html": false,
        "json": true,
        "embeddedScreenshots": true,
        "inlineAssets": false,
        "saveAllAttempts": false
      },
      "version": "6.3.0"
    }
  }
}