{
  "stats": {
    "suites": 1,
    "tests": 1,
    "passes": 1,
    "pending": 0,
    "failures": 0,
    "start": "2025-12-06T14:18:47.838Z",
    "end": "2025-12-06T14:18:55.026Z",
    "duration": 7188,
    "testsRegistered": 1,
    "passPercent": 100,
    "pendingPercent": 0,
    "other": 0,
    "hasOther": false,
    "skipped": 0,
    "hasSkipped": false
  },
  "results": [
    {
      "uuid": "71ec9e04-e13f-4652-b791-483381566377",
      "title": "",
      "fullFile": "cypress/e2e/Ingresos/HistorialAbonos.cy.js",
      "file": "cypress/e2e/Ingresos/HistorialAbonos.cy.js",
      "beforeHooks": [],
      "afterHooks": [],
      "tests": [],
      "suites": [
        {
          "uuid": "0f5a8f22-87aa-4a4c-a5d1-fc06970b83a1",
          "title": "Cuentas por cobrar - Ver historial de abonos",
          "fullFile": "",
          "file": "",
          "beforeHooks": [],
          "afterHooks": [],
          "tests": [
            {
              "title": "Debe abrir el historial de abonos",
              "fullTitle": "Cuentas por cobrar - Ver historial de abonos Debe abrir el historial de abonos",
              "timedOut": null,
              "duration": 7139,
              "state": "passed",
              "speed": "medium",
              "pass": true,
              "fail": false,
              "pending": false,
              "context": null,
              "code": "// --- Ir al módulo de Cuentas por cobrar ---\ncy.visit(\"/cuentaspagar\");\n// --- Abrir la primera fila de la tabla ---\ncy.get(\"td.dtr-control.sorting_1\").first().click();\n// --- Abrir modal de historial ---\ncy.get('button[onclick^=\"abrirHistorial\"]', {\n  timeout: 10000\n}).should(\"be.visible\").first().click();\n// --- Verificar que se muestra el modal ---\ncy.get(\".modal-dialog.modal-lg:visible\").should(\"be.visible\");",
              "err": {},
              "uuid": "7a939ea2-d29d-475c-a514-36b46b174c53",
              "parentUUID": "0f5a8f22-87aa-4a4c-a5d1-fc06970b83a1",
              "isHook": false,
              "skipped": false
            }
          ],
          "suites": [],
          "passes": [
            "7a939ea2-d29d-475c-a514-36b46b174c53"
          ],
          "failures": [],
          "pending": [],
          "skipped": [],
          "duration": 7139,
          "root": false,
          "rootEmpty": false,
          "_timeout": 2000
        }
      ],
      "passes": [],
      "failures": [],
      "pending": [],
      "skipped": [],
      "duration": 0,
      "root": true,
      "rootEmpty": true,
      "_timeout": 2000
    }
  ],
  "meta": {
    "mocha": {
      "version": "7.2.0"
    },
    "mochawesome": {
      "options": {
        "quiet": false,
        "reportFilename": "mochawesome",
        "saveHtml": false,
        "saveJson": true,
        "consoleReporter": "spec",
        "useInlineDiffs": false,
        "code": true
      },
      "version": "7.1.4"
    },
    "marge": {
      "options": {
        "reportDir": "mochawesome-report/raw",
        "overwrite": false,
        "html": false,
        "json": true,
        "embeddedScreenshots": true,
        "inlineAssets": false,
        "saveAllAttempts": false
      },
      "version": "6.3.0"
    }
  }
}