{
  "stats": {
    "suites": 1,
    "tests": 4,
    "passes": 4,
    "pending": 0,
    "failures": 0,
    "start": "2025-10-24T15:11:50.002Z",
    "end": "2025-10-24T15:12:08.559Z",
    "duration": 18557,
    "testsRegistered": 4,
    "passPercent": 100,
    "pendingPercent": 0,
    "other": 0,
    "hasOther": false,
    "skipped": 0,
    "hasSkipped": false
  },
  "results": [
    {
      "uuid": "5aedafc8-0ee5-4d96-93e4-6b899133383e",
      "title": "",
      "fullFile": "cypress/e2e/Ingresos/Gestionar1Cotizaciones.cy.js",
      "file": "cypress/e2e/Ingresos/Gestionar1Cotizaciones.cy.js",
      "beforeHooks": [],
      "afterHooks": [],
      "tests": [],
      "suites": [
        {
          "uuid": "1f722b44-d6f7-49d5-9d6a-51a6b634f343",
          "title": "Ingresos - Generar Cotización",
          "fullFile": "",
          "file": "",
          "beforeHooks": [],
          "afterHooks": [],
          "tests": [
            {
              "title": "Debe crear cotización para Cliente A con IVA no_aplica y validar por código",
              "fullTitle": "Ingresos - Generar Cotización Debe crear cotización para Cliente A con IVA no_aplica y validar por código",
              "timedOut": null,
              "duration": 7336,
              "state": "passed",
              "speed": "medium",
              "pass": true,
              "fail": false,
              "pending": false,
              "context": null,
              "code": "// Abrir modal\ncy.get('button[onclick=\"abrirModalCrearCotizacion()\"]').click();\ncy.get(\"#modalCrearCotizacion\").should(\"be.visible\");\n// Seleccionar cliente (autocomplete)\ncy.get('#modalCrearCotizacion input[name=\"cliente\"]').clear().type(escenario.cliente);\n// Llenar campos restantes\ncy.get('#modalCrearCotizacion input[name=\"descripcion\"]').clear().type(escenario.descripcion);\n// -- codigo del producto --\ncy.get(\"#modalCrearCotizacion .cotizacion-select-input\").click();\ncy.get(`#modalCrearCotizacion .cotizacion-select-option[data-codigo=\"${escenario.producto}\"]`).click({\n  force: true\n});\ncy.get('#modalCrearCotizacion input[name=\"productosCotizacion[1][descripcion]\"]').clear().type(escenario.productoDescripcion);\ncy.get('#modalCrearCotizacion input[name=\"productosCotizacion[1][cantidad]\"]').clear().type(escenario.cantidad);\ncy.get('#modalCrearCotizacion input[name=\"productosCotizacion[1][descuento]\"]').clear().type(escenario.descuento);\ncy.get('#modalCrearCotizacion select[name=\"productosCotizacion[1][iva]\"]').select(escenario.iva);\n// Guardar / Cerrar modal\ncy.get(\"#modalCrearCotizacion div.modal-footer.bg-light\").find(\"button.btn.btn-success\").click();\n// Esperar y cerrar SweetAlert2 usando el botón \"Entendido\"\ncy.get(\".swal2-container\", {\n  timeout: 10000\n}).should(\"not.be.visible\");\n// Validar que la cotización aparece en la tabla\ncy.get(\".table-cotizaciones\") // tabla donde se listan las cotizaciones\n.find(\"span.badge.badge-light.border.font-weight-semibold.text-primary\").last() // tomar la última cotización creada\n.invoke(\"text\").then(codigo => {\n  // Validar que la tabla contiene ese código\n  cy.get(\".table-cotizaciones\").should(\"contain.text\", codigo);\n});",
              "err": {},
              "uuid": "fa7e650b-ca8a-4380-b0ac-bdb09bda98f1",
              "parentUUID": "1f722b44-d6f7-49d5-9d6a-51a6b634f343",
              "isHook": false,
              "skipped": false
            },
            {
              "title": "Debe crear cotización para Cliente B con IVA 0 y validar por código",
              "fullTitle": "Ingresos - Generar Cotización Debe crear cotización para Cliente B con IVA 0 y validar por código",
              "timedOut": null,
              "duration": 3660,
              "state": "passed",
              "speed": "fast",
              "pass": true,
              "fail": false,
              "pending": false,
              "context": null,
              "code": "// Abrir modal\ncy.get('button[onclick=\"abrirModalCrearCotizacion()\"]').click();\ncy.get(\"#modalCrearCotizacion\").should(\"be.visible\");\n// Seleccionar cliente (autocomplete)\ncy.get('#modalCrearCotizacion input[name=\"cliente\"]').clear().type(escenario.cliente);\n// Llenar campos restantes\ncy.get('#modalCrearCotizacion input[name=\"descripcion\"]').clear().type(escenario.descripcion);\n// -- codigo del producto --\ncy.get(\"#modalCrearCotizacion .cotizacion-select-input\").click();\ncy.get(`#modalCrearCotizacion .cotizacion-select-option[data-codigo=\"${escenario.producto}\"]`).click({\n  force: true\n});\ncy.get('#modalCrearCotizacion input[name=\"productosCotizacion[1][descripcion]\"]').clear().type(escenario.productoDescripcion);\ncy.get('#modalCrearCotizacion input[name=\"productosCotizacion[1][cantidad]\"]').clear().type(escenario.cantidad);\ncy.get('#modalCrearCotizacion input[name=\"productosCotizacion[1][descuento]\"]').clear().type(escenario.descuento);\ncy.get('#modalCrearCotizacion select[name=\"productosCotizacion[1][iva]\"]').select(escenario.iva);\n// Guardar / Cerrar modal\ncy.get(\"#modalCrearCotizacion div.modal-footer.bg-light\").find(\"button.btn.btn-success\").click();\n// Esperar y cerrar SweetAlert2 usando el botón \"Entendido\"\ncy.get(\".swal2-container\", {\n  timeout: 10000\n}).should(\"not.be.visible\");\n// Validar que la cotización aparece en la tabla\ncy.get(\".table-cotizaciones\") // tabla donde se listan las cotizaciones\n.find(\"span.badge.badge-light.border.font-weight-semibold.text-primary\").last() // tomar la última cotización creada\n.invoke(\"text\").then(codigo => {\n  // Validar que la tabla contiene ese código\n  cy.get(\".table-cotizaciones\").should(\"contain.text\", codigo);\n});",
              "err": {},
              "uuid": "2adc2a55-984c-4231-8fef-f4769da24243",
              "parentUUID": "1f722b44-d6f7-49d5-9d6a-51a6b634f343",
              "isHook": false,
              "skipped": false
            },
            {
              "title": "Debe crear cotización para Cliente C con IVA 5 y validar por código",
              "fullTitle": "Ingresos - Generar Cotización Debe crear cotización para Cliente C con IVA 5 y validar por código",
              "timedOut": null,
              "duration": 3746,
              "state": "passed",
              "speed": "fast",
              "pass": true,
              "fail": false,
              "pending": false,
              "context": null,
              "code": "// Abrir modal\ncy.get('button[onclick=\"abrirModalCrearCotizacion()\"]').click();\ncy.get(\"#modalCrearCotizacion\").should(\"be.visible\");\n// Seleccionar cliente (autocomplete)\ncy.get('#modalCrearCotizacion input[name=\"cliente\"]').clear().type(escenario.cliente);\n// Llenar campos restantes\ncy.get('#modalCrearCotizacion input[name=\"descripcion\"]').clear().type(escenario.descripcion);\n// -- codigo del producto --\ncy.get(\"#modalCrearCotizacion .cotizacion-select-input\").click();\ncy.get(`#modalCrearCotizacion .cotizacion-select-option[data-codigo=\"${escenario.producto}\"]`).click({\n  force: true\n});\ncy.get('#modalCrearCotizacion input[name=\"productosCotizacion[1][descripcion]\"]').clear().type(escenario.productoDescripcion);\ncy.get('#modalCrearCotizacion input[name=\"productosCotizacion[1][cantidad]\"]').clear().type(escenario.cantidad);\ncy.get('#modalCrearCotizacion input[name=\"productosCotizacion[1][descuento]\"]').clear().type(escenario.descuento);\ncy.get('#modalCrearCotizacion select[name=\"productosCotizacion[1][iva]\"]').select(escenario.iva);\n// Guardar / Cerrar modal\ncy.get(\"#modalCrearCotizacion div.modal-footer.bg-light\").find(\"button.btn.btn-success\").click();\n// Esperar y cerrar SweetAlert2 usando el botón \"Entendido\"\ncy.get(\".swal2-container\", {\n  timeout: 10000\n}).should(\"not.be.visible\");\n// Validar que la cotización aparece en la tabla\ncy.get(\".table-cotizaciones\") // tabla donde se listan las cotizaciones\n.find(\"span.badge.badge-light.border.font-weight-semibold.text-primary\").last() // tomar la última cotización creada\n.invoke(\"text\").then(codigo => {\n  // Validar que la tabla contiene ese código\n  cy.get(\".table-cotizaciones\").should(\"contain.text\", codigo);\n});",
              "err": {},
              "uuid": "2c6086b6-7a0a-4559-9ae9-a3a2f5e3d7d6",
              "parentUUID": "1f722b44-d6f7-49d5-9d6a-51a6b634f343",
              "isHook": false,
              "skipped": false
            },
            {
              "title": "Debe crear cotización para Cliente D con IVA 19 y validar por código",
              "fullTitle": "Ingresos - Generar Cotización Debe crear cotización para Cliente D con IVA 19 y validar por código",
              "timedOut": null,
              "duration": 3620,
              "state": "passed",
              "speed": "fast",
              "pass": true,
              "fail": false,
              "pending": false,
              "context": null,
              "code": "// Abrir modal\ncy.get('button[onclick=\"abrirModalCrearCotizacion()\"]').click();\ncy.get(\"#modalCrearCotizacion\").should(\"be.visible\");\n// Seleccionar cliente (autocomplete)\ncy.get('#modalCrearCotizacion input[name=\"cliente\"]').clear().type(escenario.cliente);\n// Llenar campos restantes\ncy.get('#modalCrearCotizacion input[name=\"descripcion\"]').clear().type(escenario.descripcion);\n// -- codigo del producto --\ncy.get(\"#modalCrearCotizacion .cotizacion-select-input\").click();\ncy.get(`#modalCrearCotizacion .cotizacion-select-option[data-codigo=\"${escenario.producto}\"]`).click({\n  force: true\n});\ncy.get('#modalCrearCotizacion input[name=\"productosCotizacion[1][descripcion]\"]').clear().type(escenario.productoDescripcion);\ncy.get('#modalCrearCotizacion input[name=\"productosCotizacion[1][cantidad]\"]').clear().type(escenario.cantidad);\ncy.get('#modalCrearCotizacion input[name=\"productosCotizacion[1][descuento]\"]').clear().type(escenario.descuento);\ncy.get('#modalCrearCotizacion select[name=\"productosCotizacion[1][iva]\"]').select(escenario.iva);\n// Guardar / Cerrar modal\ncy.get(\"#modalCrearCotizacion div.modal-footer.bg-light\").find(\"button.btn.btn-success\").click();\n// Esperar y cerrar SweetAlert2 usando el botón \"Entendido\"\ncy.get(\".swal2-container\", {\n  timeout: 10000\n}).should(\"not.be.visible\");\n// Validar que la cotización aparece en la tabla\ncy.get(\".table-cotizaciones\") // tabla donde se listan las cotizaciones\n.find(\"span.badge.badge-light.border.font-weight-semibold.text-primary\").last() // tomar la última cotización creada\n.invoke(\"text\").then(codigo => {\n  // Validar que la tabla contiene ese código\n  cy.get(\".table-cotizaciones\").should(\"contain.text\", codigo);\n});",
              "err": {},
              "uuid": "f1808e2d-e139-490b-bb83-ea7618ccf61b",
              "parentUUID": "1f722b44-d6f7-49d5-9d6a-51a6b634f343",
              "isHook": false,
              "skipped": false
            }
          ],
          "suites": [],
          "passes": [
            "fa7e650b-ca8a-4380-b0ac-bdb09bda98f1",
            "2adc2a55-984c-4231-8fef-f4769da24243",
            "2c6086b6-7a0a-4559-9ae9-a3a2f5e3d7d6",
            "f1808e2d-e139-490b-bb83-ea7618ccf61b"
          ],
          "failures": [],
          "pending": [],
          "skipped": [],
          "duration": 18362,
          "root": false,
          "rootEmpty": false,
          "_timeout": 2000
        }
      ],
      "passes": [],
      "failures": [],
      "pending": [],
      "skipped": [],
      "duration": 0,
      "root": true,
      "rootEmpty": true,
      "_timeout": 2000
    }
  ],
  "meta": {
    "mocha": {
      "version": "7.2.0"
    },
    "mochawesome": {
      "options": {
        "quiet": false,
        "reportFilename": "mochawesome",
        "saveHtml": false,
        "saveJson": true,
        "consoleReporter": "spec",
        "useInlineDiffs": false,
        "code": true
      },
      "version": "7.1.4"
    },
    "marge": {
      "options": {
        "reportDir": "mochawesome-report/raw",
        "overwrite": false,
        "html": false,
        "json": true,
        "embeddedScreenshots": true,
        "inlineAssets": false,
        "saveAllAttempts": false
      },
      "version": "6.3.0"
    }
  }
}