{
  "stats": {
    "suites": 4,
    "tests": 12,
    "passes": 12,
    "pending": 0,
    "failures": 0,
    "start": "2025-12-06T14:16:31.179Z",
    "end": "2025-12-06T14:17:13.156Z",
    "duration": 41977,
    "testsRegistered": 12,
    "passPercent": 100,
    "pendingPercent": 0,
    "other": 0,
    "hasOther": false,
    "skipped": 0,
    "hasSkipped": false
  },
  "results": [
    {
      "uuid": "58758eca-4734-429c-8bcc-9872e3f75d16",
      "title": "",
      "fullFile": "cypress/e2e/Ingresos/EditarIngreso.cy.js",
      "file": "cypress/e2e/Ingresos/EditarIngreso.cy.js",
      "beforeHooks": [],
      "afterHooks": [],
      "tests": [],
      "suites": [
        {
          "uuid": "5988c37f-6334-4419-b29e-84dbfc2ffccd",
          "title": "Editar ingreso en LPSMART - Edición según tipo de venta",
          "fullFile": "",
          "file": "",
          "beforeHooks": [],
          "afterHooks": [],
          "tests": [],
          "suites": [
            {
              "uuid": "d4154bf7-18ca-4173-a6ee-603e48e661c7",
              "title": "Venta de contado",
              "fullFile": "",
              "file": "",
              "beforeHooks": [],
              "afterHooks": [],
              "tests": [
                {
                  "title": "Editar ingreso: Contado - Efectivo, sin descuento, IVA 19%",
                  "fullTitle": "Editar ingreso en LPSMART - Edición según tipo de venta Venta de contado Editar ingreso: Contado - Efectivo, sin descuento, IVA 19%",
                  "timedOut": null,
                  "duration": 6990,
                  "state": "passed",
                  "speed": "medium",
                  "pass": true,
                  "fail": false,
                  "pending": false,
                  "context": null,
                  "code": "editarIngreso(escenario);",
                  "err": {},
                  "uuid": "d695322d-4d6c-482d-8e05-8774cde4abf8",
                  "parentUUID": "d4154bf7-18ca-4173-a6ee-603e48e661c7",
                  "isHook": false,
                  "skipped": false
                },
                {
                  "title": "Editar ingreso: Contado - Efectivo, sin descuento, IVA 5%",
                  "fullTitle": "Editar ingreso en LPSMART - Edición según tipo de venta Venta de contado Editar ingreso: Contado - Efectivo, sin descuento, IVA 5%",
                  "timedOut": null,
                  "duration": 2296,
                  "state": "passed",
                  "speed": "fast",
                  "pass": true,
                  "fail": false,
                  "pending": false,
                  "context": null,
                  "code": "editarIngreso(escenario);",
                  "err": {},
                  "uuid": "38bbee4a-b6d2-4ed5-ad9a-c581c5793afb",
                  "parentUUID": "d4154bf7-18ca-4173-a6ee-603e48e661c7",
                  "isHook": false,
                  "skipped": false
                },
                {
                  "title": "Editar ingreso: Contado - Transferencia Nequi, con descuento, IVA 0%",
                  "fullTitle": "Editar ingreso en LPSMART - Edición según tipo de venta Venta de contado Editar ingreso: Contado - Transferencia Nequi, con descuento, IVA 0%",
                  "timedOut": null,
                  "duration": 2247,
                  "state": "passed",
                  "speed": "fast",
                  "pass": true,
                  "fail": false,
                  "pending": false,
                  "context": null,
                  "code": "editarIngreso(escenario);",
                  "err": {},
                  "uuid": "6193a284-7e93-4fd9-8680-213df168ccc7",
                  "parentUUID": "d4154bf7-18ca-4173-a6ee-603e48e661c7",
                  "isHook": false,
                  "skipped": false
                },
                {
                  "title": "Editar ingreso: Contado - Tarjeta Debito, IVA no aplica",
                  "fullTitle": "Editar ingreso en LPSMART - Edición según tipo de venta Venta de contado Editar ingreso: Contado - Tarjeta Debito, IVA no aplica",
                  "timedOut": null,
                  "duration": 2356,
                  "state": "passed",
                  "speed": "fast",
                  "pass": true,
                  "fail": false,
                  "pending": false,
                  "context": null,
                  "code": "editarIngreso(escenario);",
                  "err": {},
                  "uuid": "269cf54f-513d-44a7-8e02-cc1d3046d441",
                  "parentUUID": "d4154bf7-18ca-4173-a6ee-603e48e661c7",
                  "isHook": false,
                  "skipped": false
                }
              ],
              "suites": [],
              "passes": [
                "d695322d-4d6c-482d-8e05-8774cde4abf8",
                "38bbee4a-b6d2-4ed5-ad9a-c581c5793afb",
                "6193a284-7e93-4fd9-8680-213df168ccc7",
                "269cf54f-513d-44a7-8e02-cc1d3046d441"
              ],
              "failures": [],
              "pending": [],
              "skipped": [],
              "duration": 13889,
              "root": false,
              "rootEmpty": false,
              "_timeout": 2000
            },
            {
              "uuid": "831cd3ec-7d37-4ff5-b308-b8eb9086cdb8",
              "title": "Venta a crédito",
              "fullFile": "",
              "file": "",
              "beforeHooks": [],
              "afterHooks": [],
              "tests": [
                {
                  "title": "Editar ingreso: Crédito - Efectivo, plazo 15, IVA 19%",
                  "fullTitle": "Editar ingreso en LPSMART - Edición según tipo de venta Venta a crédito Editar ingreso: Crédito - Efectivo, plazo 15, IVA 19%",
                  "timedOut": null,
                  "duration": 2280,
                  "state": "passed",
                  "speed": "fast",
                  "pass": true,
                  "fail": false,
                  "pending": false,
                  "context": null,
                  "code": "editarIngreso(escenario);",
                  "err": {},
                  "uuid": "875e57a6-9b46-46f0-a9a5-72748724e1cd",
                  "parentUUID": "831cd3ec-7d37-4ff5-b308-b8eb9086cdb8",
                  "isHook": false,
                  "skipped": false
                },
                {
                  "title": "Editar ingreso: Crédito - Nequi, IVA 5%, descuento 5%",
                  "fullTitle": "Editar ingreso en LPSMART - Edición según tipo de venta Venta a crédito Editar ingreso: Crédito - Nequi, IVA 5%, descuento 5%",
                  "timedOut": null,
                  "duration": 2312,
                  "state": "passed",
                  "speed": "fast",
                  "pass": true,
                  "fail": false,
                  "pending": false,
                  "context": null,
                  "code": "editarIngreso(escenario);",
                  "err": {},
                  "uuid": "4bf8804b-3365-457e-8545-d1cd79c4b805",
                  "parentUUID": "831cd3ec-7d37-4ff5-b308-b8eb9086cdb8",
                  "isHook": false,
                  "skipped": false
                },
                {
                  "title": "Editar ingreso: Crédito - Efectivo, plazo 30, IVA 0%",
                  "fullTitle": "Editar ingreso en LPSMART - Edición según tipo de venta Venta a crédito Editar ingreso: Crédito - Efectivo, plazo 30, IVA 0%",
                  "timedOut": null,
                  "duration": 2296,
                  "state": "passed",
                  "speed": "fast",
                  "pass": true,
                  "fail": false,
                  "pending": false,
                  "context": null,
                  "code": "editarIngreso(escenario);",
                  "err": {},
                  "uuid": "edc61325-1ff9-4000-ac6f-af5085115223",
                  "parentUUID": "831cd3ec-7d37-4ff5-b308-b8eb9086cdb8",
                  "isHook": false,
                  "skipped": false
                },
                {
                  "title": "Editar ingreso: Crédito - Transferencia, IVA no aplica, descuento 0%",
                  "fullTitle": "Editar ingreso en LPSMART - Edición según tipo de venta Venta a crédito Editar ingreso: Crédito - Transferencia, IVA no aplica, descuento 0%",
                  "timedOut": null,
                  "duration": 2012,
                  "state": "passed",
                  "speed": "fast",
                  "pass": true,
                  "fail": false,
                  "pending": false,
                  "context": null,
                  "code": "editarIngreso(escenario);",
                  "err": {},
                  "uuid": "1a21b913-28c5-4d4c-8667-89d88bd2fcb6",
                  "parentUUID": "831cd3ec-7d37-4ff5-b308-b8eb9086cdb8",
                  "isHook": false,
                  "skipped": false
                }
              ],
              "suites": [],
              "passes": [
                "875e57a6-9b46-46f0-a9a5-72748724e1cd",
                "4bf8804b-3365-457e-8545-d1cd79c4b805",
                "edc61325-1ff9-4000-ac6f-af5085115223",
                "1a21b913-28c5-4d4c-8667-89d88bd2fcb6"
              ],
              "failures": [],
              "pending": [],
              "skipped": [],
              "duration": 8900,
              "root": false,
              "rootEmpty": false,
              "_timeout": 2000
            },
            {
              "uuid": "231b7bd0-5bc0-4fce-97e5-a7e795dbe239",
              "title": "Otros ingresos",
              "fullFile": "",
              "file": "",
              "beforeHooks": [],
              "afterHooks": [],
              "tests": [
                {
                  "title": "Editar ingreso: Otros - Servicio técnico, IVA 19%",
                  "fullTitle": "Editar ingreso en LPSMART - Edición según tipo de venta Otros ingresos Editar ingreso: Otros - Servicio técnico, IVA 19%",
                  "timedOut": null,
                  "duration": 4411,
                  "state": "passed",
                  "speed": "fast",
                  "pass": true,
                  "fail": false,
                  "pending": false,
                  "context": null,
                  "code": "editarIngreso(escenario);",
                  "err": {},
                  "uuid": "ab331ba9-54fb-4dfb-b32c-d0ba71fc5ec0",
                  "parentUUID": "231b7bd0-5bc0-4fce-97e5-a7e795dbe239",
                  "isHook": false,
                  "skipped": false
                },
                {
                  "title": "Editar ingreso: Otros - Consultoría, IVA 5%",
                  "fullTitle": "Editar ingreso en LPSMART - Edición según tipo de venta Otros ingresos Editar ingreso: Otros - Consultoría, IVA 5%",
                  "timedOut": null,
                  "duration": 4537,
                  "state": "passed",
                  "speed": "fast",
                  "pass": true,
                  "fail": false,
                  "pending": false,
                  "context": null,
                  "code": "editarIngreso(escenario);",
                  "err": {},
                  "uuid": "84d91272-0dd9-454f-b4bb-0e41af27a51a",
                  "parentUUID": "231b7bd0-5bc0-4fce-97e5-a7e795dbe239",
                  "isHook": false,
                  "skipped": false
                },
                {
                  "title": "Editar ingreso: Otros - Venta de activo, IVA 0%",
                  "fullTitle": "Editar ingreso en LPSMART - Edición según tipo de venta Otros ingresos Editar ingreso: Otros - Venta de activo, IVA 0%",
                  "timedOut": null,
                  "duration": 4663,
                  "state": "passed",
                  "speed": "fast",
                  "pass": true,
                  "fail": false,
                  "pending": false,
                  "context": null,
                  "code": "editarIngreso(escenario);",
                  "err": {},
                  "uuid": "96c349b3-9bf6-4cf0-be3d-2f057fbf8cf5",
                  "parentUUID": "231b7bd0-5bc0-4fce-97e5-a7e795dbe239",
                  "isHook": false,
                  "skipped": false
                },
                {
                  "title": "Editar ingreso: Otros - Servicio interno, IVA no aplica",
                  "fullTitle": "Editar ingreso en LPSMART - Edición según tipo de venta Otros ingresos Editar ingreso: Otros - Servicio interno, IVA no aplica",
                  "timedOut": null,
                  "duration": 4925,
                  "state": "passed",
                  "speed": "fast",
                  "pass": true,
                  "fail": false,
                  "pending": false,
                  "context": null,
                  "code": "editarIngreso(escenario);",
                  "err": {},
                  "uuid": "fd7e8a99-9b74-4c38-beef-1305b0d4a44e",
                  "parentUUID": "231b7bd0-5bc0-4fce-97e5-a7e795dbe239",
                  "isHook": false,
                  "skipped": false
                }
              ],
              "suites": [],
              "passes": [
                "ab331ba9-54fb-4dfb-b32c-d0ba71fc5ec0",
                "84d91272-0dd9-454f-b4bb-0e41af27a51a",
                "96c349b3-9bf6-4cf0-be3d-2f057fbf8cf5",
                "fd7e8a99-9b74-4c38-beef-1305b0d4a44e"
              ],
              "failures": [],
              "pending": [],
              "skipped": [],
              "duration": 18536,
              "root": false,
              "rootEmpty": false,
              "_timeout": 2000
            }
          ],
          "passes": [],
          "failures": [],
          "pending": [],
          "skipped": [],
          "duration": 0,
          "root": false,
          "rootEmpty": false,
          "_timeout": 2000
        }
      ],
      "passes": [],
      "failures": [],
      "pending": [],
      "skipped": [],
      "duration": 0,
      "root": true,
      "rootEmpty": true,
      "_timeout": 2000
    }
  ],
  "meta": {
    "mocha": {
      "version": "7.2.0"
    },
    "mochawesome": {
      "options": {
        "quiet": false,
        "reportFilename": "mochawesome",
        "saveHtml": false,
        "saveJson": true,
        "consoleReporter": "spec",
        "useInlineDiffs": false,
        "code": true
      },
      "version": "7.1.4"
    },
    "marge": {
      "options": {
        "reportDir": "mochawesome-report/raw",
        "overwrite": false,
        "html": false,
        "json": true,
        "embeddedScreenshots": true,
        "inlineAssets": false,
        "saveAllAttempts": false
      },
      "version": "6.3.0"
    }
  }
}